Start testing: Oct 19 23:50 RTZ 2 (çèìà)
----------------------------------------------------------
1/118 Testing: Group/ConvertingTestsSuite.EqualTest/(0, 0x7ff6d74ee197 pointing to "0", true)
1/118 Test: Group/ConvertingTestsSuite.EqualTest/(0, 0x7ff6d74ee197 pointing to "0", true)
Command: "C:/Users/krasn/Desktop/lab_2/labwork2-squirtleKKS/cmake-build-debug/tests/number_tests.exe" "--gtest_filter=Group/ConvertingTestsSuite.EqualTest/0" "--gtest_also_run_disabled_tests"
Directory: C:/Users/krasn/Desktop/lab_2/labwork2-squirtleKKS/cmake-build-debug/tests
"Group/ConvertingTestsSuite.EqualTest/(0, 0x7ff6d74ee197 pointing to "0", true)" start time: Oct 19 23:50 RTZ 2 (çèìà)
Output:
----------------------------------------------------------
Running main() from C:/Users/krasn/Desktop/lab_2/labwork2-squirtleKKS/cmake-build-debug/_deps/googletest-src/googletest/src/gtest_main.cc
Note: Google Test filter = Group/ConvertingTestsSuite.EqualTest/0
[==========] Running 1 test from 1 test suite.
[----------] Global test environment set-up.
[----------] 1 test from Group/ConvertingTestsSuite
[ RUN      ] Group/ConvertingTestsSuite.EqualTest/0
[       OK ] Group/ConvertingTestsSuite.EqualTest/0 (0 ms)
[----------] 1 test from Group/ConvertingTestsSuite (0 ms total)

[----------] Global test environment tear-down
[==========] 1 test from 1 test suite ran. (0 ms total)
[  PASSED  ] 1 test.
<end of output>
Test time =   0.01 sec
----------------------------------------------------------
Test Passed.
"Group/ConvertingTestsSuite.EqualTest/(0, 0x7ff6d74ee197 pointing to "0", true)" end time: Oct 19 23:50 RTZ 2 (çèìà)
"Group/ConvertingTestsSuite.EqualTest/(0, 0x7ff6d74ee197 pointing to "0", true)" time elapsed: 00:00:00
----------------------------------------------------------

2/118 Testing: Group/ConvertingTestsSuite.EqualTest/(239, 0x7ff6d74ee193 pointing to "239", true)
2/118 Test: Group/ConvertingTestsSuite.EqualTest/(239, 0x7ff6d74ee193 pointing to "239", true)
Command: "C:/Users/krasn/Desktop/lab_2/labwork2-squirtleKKS/cmake-build-debug/tests/number_tests.exe" "--gtest_filter=Group/ConvertingTestsSuite.EqualTest/1" "--gtest_also_run_disabled_tests"
Directory: C:/Users/krasn/Desktop/lab_2/labwork2-squirtleKKS/cmake-build-debug/tests
"Group/ConvertingTestsSuite.EqualTest/(239, 0x7ff6d74ee193 pointing to "239", true)" start time: Oct 19 23:50 RTZ 2 (çèìà)
Output:
----------------------------------------------------------
Running main() from C:/Users/krasn/Desktop/lab_2/labwork2-squirtleKKS/cmake-build-debug/_deps/googletest-src/googletest/src/gtest_main.cc
Note: Google Test filter = Group/ConvertingTestsSuite.EqualTest/1
[==========] Running 1 test from 1 test suite.
[----------] Global test environment set-up.
[----------] 1 test from Group/ConvertingTestsSuite
[ RUN      ] Group/ConvertingTestsSuite.EqualTest/1
[       OK ] Group/ConvertingTestsSuite.EqualTest/1 (0 ms)
[----------] 1 test from Group/ConvertingTestsSuite (0 ms total)

[----------] Global test environment tear-down
[==========] 1 test from 1 test suite ran. (0 ms total)
[  PASSED  ] 1 test.
<end of output>
Test time =   0.01 sec
----------------------------------------------------------
Test Passed.
"Group/ConvertingTestsSuite.EqualTest/(239, 0x7ff6d74ee193 pointing to "239", true)" end time: Oct 19 23:50 RTZ 2 (çèìà)
"Group/ConvertingTestsSuite.EqualTest/(239, 0x7ff6d74ee193 pointing to "239", true)" time elapsed: 00:00:00
----------------------------------------------------------

3/118 Testing: Group/ConvertingTestsSuite.EqualTest/(255, 0x7ff6d74ee15d pointing to "255", true)
3/118 Test: Group/ConvertingTestsSuite.EqualTest/(255, 0x7ff6d74ee15d pointing to "255", true)
Command: "C:/Users/krasn/Desktop/lab_2/labwork2-squirtleKKS/cmake-build-debug/tests/number_tests.exe" "--gtest_filter=Group/ConvertingTestsSuite.EqualTest/2" "--gtest_also_run_disabled_tests"
Directory: C:/Users/krasn/Desktop/lab_2/labwork2-squirtleKKS/cmake-build-debug/tests
"Group/ConvertingTestsSuite.EqualTest/(255, 0x7ff6d74ee15d pointing to "255", true)" start time: Oct 19 23:50 RTZ 2 (çèìà)
Output:
----------------------------------------------------------
Running main() from C:/Users/krasn/Desktop/lab_2/labwork2-squirtleKKS/cmake-build-debug/_deps/googletest-src/googletest/src/gtest_main.cc
Note: Google Test filter = Group/ConvertingTestsSuite.EqualTest/2
[==========] Running 1 test from 1 test suite.
[----------] Global test environment set-up.
[----------] 1 test from Group/ConvertingTestsSuite
[ RUN      ] Group/ConvertingTestsSuite.EqualTest/2
[       OK ] Group/ConvertingTestsSuite.EqualTest/2 (0 ms)
[----------] 1 test from Group/ConvertingTestsSuite (0 ms total)

[----------] Global test environment tear-down
[==========] 1 test from 1 test suite ran. (0 ms total)
[  PASSED  ] 1 test.
<end of output>
Test time =   0.01 sec
----------------------------------------------------------
Test Passed.
"Group/ConvertingTestsSuite.EqualTest/(255, 0x7ff6d74ee15d pointing to "255", true)" end time: Oct 19 23:50 RTZ 2 (çèìà)
"Group/ConvertingTestsSuite.EqualTest/(255, 0x7ff6d74ee15d pointing to "255", true)" time elapsed: 00:00:00
----------------------------------------------------------

4/118 Testing: Group/ConvertingTestsSuite.EqualTest/(256, 0x7ff6d74ee161 pointing to "256", true)
4/118 Test: Group/ConvertingTestsSuite.EqualTest/(256, 0x7ff6d74ee161 pointing to "256", true)
Command: "C:/Users/krasn/Desktop/lab_2/labwork2-squirtleKKS/cmake-build-debug/tests/number_tests.exe" "--gtest_filter=Group/ConvertingTestsSuite.EqualTest/3" "--gtest_also_run_disabled_tests"
Directory: C:/Users/krasn/Desktop/lab_2/labwork2-squirtleKKS/cmake-build-debug/tests
"Group/ConvertingTestsSuite.EqualTest/(256, 0x7ff6d74ee161 pointing to "256", true)" start time: Oct 19 23:50 RTZ 2 (çèìà)
Output:
----------------------------------------------------------
Running main() from C:/Users/krasn/Desktop/lab_2/labwork2-squirtleKKS/cmake-build-debug/_deps/googletest-src/googletest/src/gtest_main.cc
Note: Google Test filter = Group/ConvertingTestsSuite.EqualTest/3
[==========] Running 1 test from 1 test suite.
[----------] Global test environment set-up.
[----------] 1 test from Group/ConvertingTestsSuite
[ RUN      ] Group/ConvertingTestsSuite.EqualTest/3
[       OK ] Group/ConvertingTestsSuite.EqualTest/3 (0 ms)
[----------] 1 test from Group/ConvertingTestsSuite (0 ms total)

[----------] Global test environment tear-down
[==========] 1 test from 1 test suite ran. (0 ms total)
[  PASSED  ] 1 test.
<end of output>
Test time =   0.01 sec
----------------------------------------------------------
Test Passed.
"Group/ConvertingTestsSuite.EqualTest/(256, 0x7ff6d74ee161 pointing to "256", true)" end time: Oct 19 23:50 RTZ 2 (çèìà)
"Group/ConvertingTestsSuite.EqualTest/(256, 0x7ff6d74ee161 pointing to "256", true)" time elapsed: 00:00:00
----------------------------------------------------------

5/118 Testing: Group/ConvertingTestsSuite.EqualTest/(10000, 0x7ff6d74ee18d pointing to "10000", true)
5/118 Test: Group/ConvertingTestsSuite.EqualTest/(10000, 0x7ff6d74ee18d pointing to "10000", true)
Command: "C:/Users/krasn/Desktop/lab_2/labwork2-squirtleKKS/cmake-build-debug/tests/number_tests.exe" "--gtest_filter=Group/ConvertingTestsSuite.EqualTest/4" "--gtest_also_run_disabled_tests"
Directory: C:/Users/krasn/Desktop/lab_2/labwork2-squirtleKKS/cmake-build-debug/tests
"Group/ConvertingTestsSuite.EqualTest/(10000, 0x7ff6d74ee18d pointing to "10000", true)" start time: Oct 19 23:50 RTZ 2 (çèìà)
Output:
----------------------------------------------------------
Running main() from C:/Users/krasn/Desktop/lab_2/labwork2-squirtleKKS/cmake-build-debug/_deps/googletest-src/googletest/src/gtest_main.cc
Note: Google Test filter = Group/ConvertingTestsSuite.EqualTest/4
[==========] Running 1 test from 1 test suite.
[----------] Global test environment set-up.
[----------] 1 test from Group/ConvertingTestsSuite
[ RUN      ] Group/ConvertingTestsSuite.EqualTest/4
[       OK ] Group/ConvertingTestsSuite.EqualTest/4 (0 ms)
[----------] 1 test from Group/ConvertingTestsSuite (0 ms total)

[----------] Global test environment tear-down
[==========] 1 test from 1 test suite ran. (0 ms total)
[  PASSED  ] 1 test.
<end of output>
Test time =   0.01 sec
----------------------------------------------------------
Test Passed.
"Group/ConvertingTestsSuite.EqualTest/(10000, 0x7ff6d74ee18d pointing to "10000", true)" end time: Oct 19 23:50 RTZ 2 (çèìà)
"Group/ConvertingTestsSuite.EqualTest/(10000, 0x7ff6d74ee18d pointing to "10000", true)" time elapsed: 00:00:00
----------------------------------------------------------

6/118 Testing: Group/ConvertingTestsSuite.EqualTest/(32767, 0x7ff6d74ee187 pointing to "32767", true)
6/118 Test: Group/ConvertingTestsSuite.EqualTest/(32767, 0x7ff6d74ee187 pointing to "32767", true)
Command: "C:/Users/krasn/Desktop/lab_2/labwork2-squirtleKKS/cmake-build-debug/tests/number_tests.exe" "--gtest_filter=Group/ConvertingTestsSuite.EqualTest/5" "--gtest_also_run_disabled_tests"
Directory: C:/Users/krasn/Desktop/lab_2/labwork2-squirtleKKS/cmake-build-debug/tests
"Group/ConvertingTestsSuite.EqualTest/(32767, 0x7ff6d74ee187 pointing to "32767", true)" start time: Oct 19 23:50 RTZ 2 (çèìà)
Output:
----------------------------------------------------------
Running main() from C:/Users/krasn/Desktop/lab_2/labwork2-squirtleKKS/cmake-build-debug/_deps/googletest-src/googletest/src/gtest_main.cc
Note: Google Test filter = Group/ConvertingTestsSuite.EqualTest/5
[==========] Running 1 test from 1 test suite.
[----------] Global test environment set-up.
[----------] 1 test from Group/ConvertingTestsSuite
[ RUN      ] Group/ConvertingTestsSuite.EqualTest/5
[       OK ] Group/ConvertingTestsSuite.EqualTest/5 (0 ms)
[----------] 1 test from Group/ConvertingTestsSuite (0 ms total)

[----------] Global test environment tear-down
[==========] 1 test from 1 test suite ran. (0 ms total)
[  PASSED  ] 1 test.
<end of output>
Test time =   0.01 sec
----------------------------------------------------------
Test Passed.
"Group/ConvertingTestsSuite.EqualTest/(32767, 0x7ff6d74ee187 pointing to "32767", true)" end time: Oct 19 23:50 RTZ 2 (çèìà)
"Group/ConvertingTestsSuite.EqualTest/(32767, 0x7ff6d74ee187 pointing to "32767", true)" time elapsed: 00:00:00
----------------------------------------------------------

7/118 Testing: Group/ConvertingTestsSuite.EqualTest/(32768, 0x7ff6d74ee151 pointing to "32768", true)
7/118 Test: Group/ConvertingTestsSuite.EqualTest/(32768, 0x7ff6d74ee151 pointing to "32768", true)
Command: "C:/Users/krasn/Desktop/lab_2/labwork2-squirtleKKS/cmake-build-debug/tests/number_tests.exe" "--gtest_filter=Group/ConvertingTestsSuite.EqualTest/6" "--gtest_also_run_disabled_tests"
Directory: C:/Users/krasn/Desktop/lab_2/labwork2-squirtleKKS/cmake-build-debug/tests
"Group/ConvertingTestsSuite.EqualTest/(32768, 0x7ff6d74ee151 pointing to "32768", true)" start time: Oct 19 23:50 RTZ 2 (çèìà)
Output:
----------------------------------------------------------
Running main() from C:/Users/krasn/Desktop/lab_2/labwork2-squirtleKKS/cmake-build-debug/_deps/googletest-src/googletest/src/gtest_main.cc
Note: Google Test filter = Group/ConvertingTestsSuite.EqualTest/6
[==========] Running 1 test from 1 test suite.
[----------] Global test environment set-up.
[----------] 1 test from Group/ConvertingTestsSuite
[ RUN      ] Group/ConvertingTestsSuite.EqualTest/6
[       OK ] Group/ConvertingTestsSuite.EqualTest/6 (0 ms)
[----------] 1 test from Group/ConvertingTestsSuite (0 ms total)

[----------] Global test environment tear-down
[==========] 1 test from 1 test suite ran. (0 ms total)
[  PASSED  ] 1 test.
<end of output>
Test time =   0.01 sec
----------------------------------------------------------
Test Passed.
"Group/ConvertingTestsSuite.EqualTest/(32768, 0x7ff6d74ee151 pointing to "32768", true)" end time: Oct 19 23:50 RTZ 2 (çèìà)
"Group/ConvertingTestsSuite.EqualTest/(32768, 0x7ff6d74ee151 pointing to "32768", true)" time elapsed: 00:00:00
----------------------------------------------------------

8/118 Testing: Group/ConvertingTestsSuite.EqualTest/(65535, 0x7ff6d74ee14b pointing to "65535", true)
8/118 Test: Group/ConvertingTestsSuite.EqualTest/(65535, 0x7ff6d74ee14b pointing to "65535", true)
Command: "C:/Users/krasn/Desktop/lab_2/labwork2-squirtleKKS/cmake-build-debug/tests/number_tests.exe" "--gtest_filter=Group/ConvertingTestsSuite.EqualTest/7" "--gtest_also_run_disabled_tests"
Directory: C:/Users/krasn/Desktop/lab_2/labwork2-squirtleKKS/cmake-build-debug/tests
"Group/ConvertingTestsSuite.EqualTest/(65535, 0x7ff6d74ee14b pointing to "65535", true)" start time: Oct 19 23:50 RTZ 2 (çèìà)
Output:
----------------------------------------------------------
Running main() from C:/Users/krasn/Desktop/lab_2/labwork2-squirtleKKS/cmake-build-debug/_deps/googletest-src/googletest/src/gtest_main.cc
Note: Google Test filter = Group/ConvertingTestsSuite.EqualTest/7
[==========] Running 1 test from 1 test suite.
[----------] Global test environment set-up.
[----------] 1 test from Group/ConvertingTestsSuite
[ RUN      ] Group/ConvertingTestsSuite.EqualTest/7
[       OK ] Group/ConvertingTestsSuite.EqualTest/7 (0 ms)
[----------] 1 test from Group/ConvertingTestsSuite (0 ms total)

[----------] Global test environment tear-down
[==========] 1 test from 1 test suite ran. (0 ms total)
[  PASSED  ] 1 test.
<end of output>
Test time =   0.01 sec
----------------------------------------------------------
Test Passed.
"Group/ConvertingTestsSuite.EqualTest/(65535, 0x7ff6d74ee14b pointing to "65535", true)" end time: Oct 19 23:50 RTZ 2 (çèìà)
"Group/ConvertingTestsSuite.EqualTest/(65535, 0x7ff6d74ee14b pointing to "65535", true)" time elapsed: 00:00:00
----------------------------------------------------------

9/118 Testing: Group/ConvertingTestsSuite.EqualTest/(2147483647, 0x7ff6d74ee140 pointing to "2147483647", true)
9/118 Test: Group/ConvertingTestsSuite.EqualTest/(2147483647, 0x7ff6d74ee140 pointing to "2147483647", true)
Command: "C:/Users/krasn/Desktop/lab_2/labwork2-squirtleKKS/cmake-build-debug/tests/number_tests.exe" "--gtest_filter=Group/ConvertingTestsSuite.EqualTest/8" "--gtest_also_run_disabled_tests"
Directory: C:/Users/krasn/Desktop/lab_2/labwork2-squirtleKKS/cmake-build-debug/tests
"Group/ConvertingTestsSuite.EqualTest/(2147483647, 0x7ff6d74ee140 pointing to "2147483647", true)" start time: Oct 19 23:50 RTZ 2 (çèìà)
Output:
----------------------------------------------------------
Running main() from C:/Users/krasn/Desktop/lab_2/labwork2-squirtleKKS/cmake-build-debug/_deps/googletest-src/googletest/src/gtest_main.cc
Note: Google Test filter = Group/ConvertingTestsSuite.EqualTest/8
[==========] Running 1 test from 1 test suite.
[----------] Global test environment set-up.
[----------] 1 test from Group/ConvertingTestsSuite
[ RUN      ] Group/ConvertingTestsSuite.EqualTest/8
[       OK ] Group/ConvertingTestsSuite.EqualTest/8 (0 ms)
[----------] 1 test from Group/ConvertingTestsSuite (0 ms total)

[----------] Global test environment tear-down
[==========] 1 test from 1 test suite ran. (0 ms total)
[  PASSED  ] 1 test.
<end of output>
Test time =   0.01 sec
----------------------------------------------------------
Test Passed.
"Group/ConvertingTestsSuite.EqualTest/(2147483647, 0x7ff6d74ee140 pointing to "2147483647", true)" end time: Oct 19 23:50 RTZ 2 (çèìà)
"Group/ConvertingTestsSuite.EqualTest/(2147483647, 0x7ff6d74ee140 pointing to "2147483647", true)" time elapsed: 00:00:00
----------------------------------------------------------

10/118 Testing: Group/ConvertingTestsSuite.EqualTest/(4294934528, 0x7ff6d74ee180 pointing to "-32768", true)
10/118 Test: Group/ConvertingTestsSuite.EqualTest/(4294934528, 0x7ff6d74ee180 pointing to "-32768", true)
Command: "C:/Users/krasn/Desktop/lab_2/labwork2-squirtleKKS/cmake-build-debug/tests/number_tests.exe" "--gtest_filter=Group/ConvertingTestsSuite.EqualTest/9" "--gtest_also_run_disabled_tests"
Directory: C:/Users/krasn/Desktop/lab_2/labwork2-squirtleKKS/cmake-build-debug/tests
"Group/ConvertingTestsSuite.EqualTest/(4294934528, 0x7ff6d74ee180 pointing to "-32768", true)" start time: Oct 19 23:50 RTZ 2 (çèìà)
Output:
----------------------------------------------------------
Running main() from C:/Users/krasn/Desktop/lab_2/labwork2-squirtleKKS/cmake-build-debug/_deps/googletest-src/googletest/src/gtest_main.cc
Note: Google Test filter = Group/ConvertingTestsSuite.EqualTest/9
[==========] Running 1 test from 1 test suite.
[----------] Global test environment set-up.
[----------] 1 test from Group/ConvertingTestsSuite
[ RUN      ] Group/ConvertingTestsSuite.EqualTest/9
[       OK ] Group/ConvertingTestsSuite.EqualTest/9 (0 ms)
[----------] 1 test from Group/ConvertingTestsSuite (0 ms total)

[----------] Global test environment tear-down
[==========] 1 test from 1 test suite ran. (0 ms total)
[  PASSED  ] 1 test.
<end of output>
Test time =   0.01 sec
----------------------------------------------------------
Test Passed.
"Group/ConvertingTestsSuite.EqualTest/(4294934528, 0x7ff6d74ee180 pointing to "-32768", true)" end time: Oct 19 23:50 RTZ 2 (çèìà)
"Group/ConvertingTestsSuite.EqualTest/(4294934528, 0x7ff6d74ee180 pointing to "-32768", true)" time elapsed: 00:00:00
----------------------------------------------------------

11/118 Testing: Group/ConvertingTestsSuite.EqualTest/(4294901761, 0x7ff6d74ee179 pointing to "-65535", true)
11/118 Test: Group/ConvertingTestsSuite.EqualTest/(4294901761, 0x7ff6d74ee179 pointing to "-65535", true)
Command: "C:/Users/krasn/Desktop/lab_2/labwork2-squirtleKKS/cmake-build-debug/tests/number_tests.exe" "--gtest_filter=Group/ConvertingTestsSuite.EqualTest/10" "--gtest_also_run_disabled_tests"
Directory: C:/Users/krasn/Desktop/lab_2/labwork2-squirtleKKS/cmake-build-debug/tests
"Group/ConvertingTestsSuite.EqualTest/(4294901761, 0x7ff6d74ee179 pointing to "-65535", true)" start time: Oct 19 23:50 RTZ 2 (çèìà)
Output:
----------------------------------------------------------
Running main() from C:/Users/krasn/Desktop/lab_2/labwork2-squirtleKKS/cmake-build-debug/_deps/googletest-src/googletest/src/gtest_main.cc
Note: Google Test filter = Group/ConvertingTestsSuite.EqualTest/10
[==========] Running 1 test from 1 test suite.
[----------] Global test environment set-up.
[----------] 1 test from Group/ConvertingTestsSuite
[ RUN      ] Group/ConvertingTestsSuite.EqualTest/10
[       OK ] Group/ConvertingTestsSuite.EqualTest/10 (0 ms)
[----------] 1 test from Group/ConvertingTestsSuite (0 ms total)

[----------] Global test environment tear-down
[==========] 1 test from 1 test suite ran. (0 ms total)
[  PASSED  ] 1 test.
<end of output>
Test time =   0.01 sec
----------------------------------------------------------
Test Passed.
"Group/ConvertingTestsSuite.EqualTest/(4294901761, 0x7ff6d74ee179 pointing to "-65535", true)" end time: Oct 19 23:50 RTZ 2 (çèìà)
"Group/ConvertingTestsSuite.EqualTest/(4294901761, 0x7ff6d74ee179 pointing to "-65535", true)" time elapsed: 00:00:00
----------------------------------------------------------

12/118 Testing: Group/ConvertingTestsSuite.EqualTest/(2147483649, 0x7ff6d74ee16d pointing to "-2147483647", true)
12/118 Test: Group/ConvertingTestsSuite.EqualTest/(2147483649, 0x7ff6d74ee16d pointing to "-2147483647", true)
Command: "C:/Users/krasn/Desktop/lab_2/labwork2-squirtleKKS/cmake-build-debug/tests/number_tests.exe" "--gtest_filter=Group/ConvertingTestsSuite.EqualTest/11" "--gtest_also_run_disabled_tests"
Directory: C:/Users/krasn/Desktop/lab_2/labwork2-squirtleKKS/cmake-build-debug/tests
"Group/ConvertingTestsSuite.EqualTest/(2147483649, 0x7ff6d74ee16d pointing to "-2147483647", true)" start time: Oct 19 23:50 RTZ 2 (çèìà)
Output:
----------------------------------------------------------
Running main() from C:/Users/krasn/Desktop/lab_2/labwork2-squirtleKKS/cmake-build-debug/_deps/googletest-src/googletest/src/gtest_main.cc
Note: Google Test filter = Group/ConvertingTestsSuite.EqualTest/11
[==========] Running 1 test from 1 test suite.
[----------] Global test environment set-up.
[----------] 1 test from Group/ConvertingTestsSuite
[ RUN      ] Group/ConvertingTestsSuite.EqualTest/11
[       OK ] Group/ConvertingTestsSuite.EqualTest/11 (0 ms)
[----------] 1 test from Group/ConvertingTestsSuite (0 ms total)

[----------] Global test environment tear-down
[==========] 1 test from 1 test suite ran. (0 ms total)
[  PASSED  ] 1 test.
<end of output>
Test time =   0.01 sec
----------------------------------------------------------
Test Passed.
"Group/ConvertingTestsSuite.EqualTest/(2147483649, 0x7ff6d74ee16d pointing to "-2147483647", true)" end time: Oct 19 23:50 RTZ 2 (çèìà)
"Group/ConvertingTestsSuite.EqualTest/(2147483649, 0x7ff6d74ee16d pointing to "-2147483647", true)" time elapsed: 00:00:00
----------------------------------------------------------

13/118 Testing: Group/ConvertingTestsSuite.EqualTest/(0, 0x7ff6d74ee16b pointing to "1", false)
13/118 Test: Group/ConvertingTestsSuite.EqualTest/(0, 0x7ff6d74ee16b pointing to "1", false)
Command: "C:/Users/krasn/Desktop/lab_2/labwork2-squirtleKKS/cmake-build-debug/tests/number_tests.exe" "--gtest_filter=Group/ConvertingTestsSuite.EqualTest/12" "--gtest_also_run_disabled_tests"
Directory: C:/Users/krasn/Desktop/lab_2/labwork2-squirtleKKS/cmake-build-debug/tests
"Group/ConvertingTestsSuite.EqualTest/(0, 0x7ff6d74ee16b pointing to "1", false)" start time: Oct 19 23:50 RTZ 2 (çèìà)
Output:
----------------------------------------------------------
Running main() from C:/Users/krasn/Desktop/lab_2/labwork2-squirtleKKS/cmake-build-debug/_deps/googletest-src/googletest/src/gtest_main.cc
Note: Google Test filter = Group/ConvertingTestsSuite.EqualTest/12
[==========] Running 1 test from 1 test suite.
[----------] Global test environment set-up.
[----------] 1 test from Group/ConvertingTestsSuite
[ RUN      ] Group/ConvertingTestsSuite.EqualTest/12
[       OK ] Group/ConvertingTestsSuite.EqualTest/12 (0 ms)
[----------] 1 test from Group/ConvertingTestsSuite (0 ms total)

[----------] Global test environment tear-down
[==========] 1 test from 1 test suite ran. (0 ms total)
[  PASSED  ] 1 test.
<end of output>
Test time =   0.01 sec
----------------------------------------------------------
Test Passed.
"Group/ConvertingTestsSuite.EqualTest/(0, 0x7ff6d74ee16b pointing to "1", false)" end time: Oct 19 23:50 RTZ 2 (çèìà)
"Group/ConvertingTestsSuite.EqualTest/(0, 0x7ff6d74ee16b pointing to "1", false)" time elapsed: 00:00:00
----------------------------------------------------------

14/118 Testing: Group/ConvertingTestsSuite.EqualTest/(32768, 0x7ff6d74ee165 pointing to "32769", false)
14/118 Test: Group/ConvertingTestsSuite.EqualTest/(32768, 0x7ff6d74ee165 pointing to "32769", false)
Command: "C:/Users/krasn/Desktop/lab_2/labwork2-squirtleKKS/cmake-build-debug/tests/number_tests.exe" "--gtest_filter=Group/ConvertingTestsSuite.EqualTest/13" "--gtest_also_run_disabled_tests"
Directory: C:/Users/krasn/Desktop/lab_2/labwork2-squirtleKKS/cmake-build-debug/tests
"Group/ConvertingTestsSuite.EqualTest/(32768, 0x7ff6d74ee165 pointing to "32769", false)" start time: Oct 19 23:50 RTZ 2 (çèìà)
Output:
----------------------------------------------------------
Running main() from C:/Users/krasn/Desktop/lab_2/labwork2-squirtleKKS/cmake-build-debug/_deps/googletest-src/googletest/src/gtest_main.cc
Note: Google Test filter = Group/ConvertingTestsSuite.EqualTest/13
[==========] Running 1 test from 1 test suite.
[----------] Global test environment set-up.
[----------] 1 test from Group/ConvertingTestsSuite
[ RUN      ] Group/ConvertingTestsSuite.EqualTest/13
[       OK ] Group/ConvertingTestsSuite.EqualTest/13 (0 ms)
[----------] 1 test from Group/ConvertingTestsSuite (0 ms total)

[----------] Global test environment tear-down
[==========] 1 test from 1 test suite ran. (0 ms total)
[  PASSED  ] 1 test.
<end of output>
Test time =   0.01 sec
----------------------------------------------------------
Test Passed.
"Group/ConvertingTestsSuite.EqualTest/(32768, 0x7ff6d74ee165 pointing to "32769", false)" end time: Oct 19 23:50 RTZ 2 (çèìà)
"Group/ConvertingTestsSuite.EqualTest/(32768, 0x7ff6d74ee165 pointing to "32769", false)" time elapsed: 00:00:00
----------------------------------------------------------

15/118 Testing: Group/ConvertingTestsSuite.EqualTest/(255, 0x7ff6d74ee161 pointing to "256", false)
15/118 Test: Group/ConvertingTestsSuite.EqualTest/(255, 0x7ff6d74ee161 pointing to "256", false)
Command: "C:/Users/krasn/Desktop/lab_2/labwork2-squirtleKKS/cmake-build-debug/tests/number_tests.exe" "--gtest_filter=Group/ConvertingTestsSuite.EqualTest/14" "--gtest_also_run_disabled_tests"
Directory: C:/Users/krasn/Desktop/lab_2/labwork2-squirtleKKS/cmake-build-debug/tests
"Group/ConvertingTestsSuite.EqualTest/(255, 0x7ff6d74ee161 pointing to "256", false)" start time: Oct 19 23:50 RTZ 2 (çèìà)
Output:
----------------------------------------------------------
Running main() from C:/Users/krasn/Desktop/lab_2/labwork2-squirtleKKS/cmake-build-debug/_deps/googletest-src/googletest/src/gtest_main.cc
Note: Google Test filter = Group/ConvertingTestsSuite.EqualTest/14
[==========] Running 1 test from 1 test suite.
[----------] Global test environment set-up.
[----------] 1 test from Group/ConvertingTestsSuite
[ RUN      ] Group/ConvertingTestsSuite.EqualTest/14
[       OK ] Group/ConvertingTestsSuite.EqualTest/14 (0 ms)
[----------] 1 test from Group/ConvertingTestsSuite (0 ms total)

[----------] Global test environment tear-down
[==========] 1 test from 1 test suite ran. (0 ms total)
[  PASSED  ] 1 test.
<end of output>
Test time =   0.01 sec
----------------------------------------------------------
Test Passed.
"Group/ConvertingTestsSuite.EqualTest/(255, 0x7ff6d74ee161 pointing to "256", false)" end time: Oct 19 23:50 RTZ 2 (çèìà)
"Group/ConvertingTestsSuite.EqualTest/(255, 0x7ff6d74ee161 pointing to "256", false)" time elapsed: 00:00:00
----------------------------------------------------------

16/118 Testing: Group/ConvertingTestsSuite.EqualTest/(256, 0x7ff6d74ee15d pointing to "255", false)
16/118 Test: Group/ConvertingTestsSuite.EqualTest/(256, 0x7ff6d74ee15d pointing to "255", false)
Command: "C:/Users/krasn/Desktop/lab_2/labwork2-squirtleKKS/cmake-build-debug/tests/number_tests.exe" "--gtest_filter=Group/ConvertingTestsSuite.EqualTest/15" "--gtest_also_run_disabled_tests"
Directory: C:/Users/krasn/Desktop/lab_2/labwork2-squirtleKKS/cmake-build-debug/tests
"Group/ConvertingTestsSuite.EqualTest/(256, 0x7ff6d74ee15d pointing to "255", false)" start time: Oct 19 23:50 RTZ 2 (çèìà)
Output:
----------------------------------------------------------
Running main() from C:/Users/krasn/Desktop/lab_2/labwork2-squirtleKKS/cmake-build-debug/_deps/googletest-src/googletest/src/gtest_main.cc
Note: Google Test filter = Group/ConvertingTestsSuite.EqualTest/15
[==========] Running 1 test from 1 test suite.
[----------] Global test environment set-up.
[----------] 1 test from Group/ConvertingTestsSuite
[ RUN      ] Group/ConvertingTestsSuite.EqualTest/15
[       OK ] Group/ConvertingTestsSuite.EqualTest/15 (0 ms)
[----------] 1 test from Group/ConvertingTestsSuite (0 ms total)

[----------] Global test environment tear-down
[==========] 1 test from 1 test suite ran. (0 ms total)
[  PASSED  ] 1 test.
<end of output>
Test time =   0.01 sec
----------------------------------------------------------
Test Passed.
"Group/ConvertingTestsSuite.EqualTest/(256, 0x7ff6d74ee15d pointing to "255", false)" end time: Oct 19 23:50 RTZ 2 (çèìà)
"Group/ConvertingTestsSuite.EqualTest/(256, 0x7ff6d74ee15d pointing to "255", false)" time elapsed: 00:00:00
----------------------------------------------------------

17/118 Testing: Group/ConvertingTestsSuite.EqualTest/(31251, 0x7ff6d74ee157 pointing to "31252", false)
17/118 Test: Group/ConvertingTestsSuite.EqualTest/(31251, 0x7ff6d74ee157 pointing to "31252", false)
Command: "C:/Users/krasn/Desktop/lab_2/labwork2-squirtleKKS/cmake-build-debug/tests/number_tests.exe" "--gtest_filter=Group/ConvertingTestsSuite.EqualTest/16" "--gtest_also_run_disabled_tests"
Directory: C:/Users/krasn/Desktop/lab_2/labwork2-squirtleKKS/cmake-build-debug/tests
"Group/ConvertingTestsSuite.EqualTest/(31251, 0x7ff6d74ee157 pointing to "31252", false)" start time: Oct 19 23:50 RTZ 2 (çèìà)
Output:
----------------------------------------------------------
Running main() from C:/Users/krasn/Desktop/lab_2/labwork2-squirtleKKS/cmake-build-debug/_deps/googletest-src/googletest/src/gtest_main.cc
Note: Google Test filter = Group/ConvertingTestsSuite.EqualTest/16
[==========] Running 1 test from 1 test suite.
[----------] Global test environment set-up.
[----------] 1 test from Group/ConvertingTestsSuite
[ RUN      ] Group/ConvertingTestsSuite.EqualTest/16
[       OK ] Group/ConvertingTestsSuite.EqualTest/16 (0 ms)
[----------] 1 test from Group/ConvertingTestsSuite (0 ms total)

[----------] Global test environment tear-down
[==========] 1 test from 1 test suite ran. (0 ms total)
[  PASSED  ] 1 test.
<end of output>
Test time =   0.01 sec
----------------------------------------------------------
Test Passed.
"Group/ConvertingTestsSuite.EqualTest/(31251, 0x7ff6d74ee157 pointing to "31252", false)" end time: Oct 19 23:50 RTZ 2 (çèìà)
"Group/ConvertingTestsSuite.EqualTest/(31251, 0x7ff6d74ee157 pointing to "31252", false)" time elapsed: 00:00:00
----------------------------------------------------------

18/118 Testing: Group/ConvertingTestsSuite.EqualTest/(2147483647, 0x7ff6d74ee135 pointing to "2147483648", false)
18/118 Test: Group/ConvertingTestsSuite.EqualTest/(2147483647, 0x7ff6d74ee135 pointing to "2147483648", false)
Command: "C:/Users/krasn/Desktop/lab_2/labwork2-squirtleKKS/cmake-build-debug/tests/number_tests.exe" "--gtest_filter=Group/ConvertingTestsSuite.EqualTest/17" "--gtest_also_run_disabled_tests"
Directory: C:/Users/krasn/Desktop/lab_2/labwork2-squirtleKKS/cmake-build-debug/tests
"Group/ConvertingTestsSuite.EqualTest/(2147483647, 0x7ff6d74ee135 pointing to "2147483648", false)" start time: Oct 19 23:50 RTZ 2 (çèìà)
Output:
----------------------------------------------------------
Running main() from C:/Users/krasn/Desktop/lab_2/labwork2-squirtleKKS/cmake-build-debug/_deps/googletest-src/googletest/src/gtest_main.cc
Note: Google Test filter = Group/ConvertingTestsSuite.EqualTest/17
[==========] Running 1 test from 1 test suite.
[----------] Global test environment set-up.
[----------] 1 test from Group/ConvertingTestsSuite
[ RUN      ] Group/ConvertingTestsSuite.EqualTest/17
[       OK ] Group/ConvertingTestsSuite.EqualTest/17 (0 ms)
[----------] 1 test from Group/ConvertingTestsSuite (0 ms total)

[----------] Global test environment tear-down
[==========] 1 test from 1 test suite ran. (0 ms total)
[  PASSED  ] 1 test.
<end of output>
Test time =   0.01 sec
----------------------------------------------------------
Test Passed.
"Group/ConvertingTestsSuite.EqualTest/(2147483647, 0x7ff6d74ee135 pointing to "2147483648", false)" end time: Oct 19 23:50 RTZ 2 (çèìà)
"Group/ConvertingTestsSuite.EqualTest/(2147483647, 0x7ff6d74ee135 pointing to "2147483648", false)" time elapsed: 00:00:00
----------------------------------------------------------

19/118 Testing: Group/ConvertingTestsSuite.EqualTest/(4294934528, 0x7ff6d74ee151 pointing to "32768", false)
19/118 Test: Group/ConvertingTestsSuite.EqualTest/(4294934528, 0x7ff6d74ee151 pointing to "32768", false)
Command: "C:/Users/krasn/Desktop/lab_2/labwork2-squirtleKKS/cmake-build-debug/tests/number_tests.exe" "--gtest_filter=Group/ConvertingTestsSuite.EqualTest/18" "--gtest_also_run_disabled_tests"
Directory: C:/Users/krasn/Desktop/lab_2/labwork2-squirtleKKS/cmake-build-debug/tests
"Group/ConvertingTestsSuite.EqualTest/(4294934528, 0x7ff6d74ee151 pointing to "32768", false)" start time: Oct 19 23:50 RTZ 2 (çèìà)
Output:
----------------------------------------------------------
Running main() from C:/Users/krasn/Desktop/lab_2/labwork2-squirtleKKS/cmake-build-debug/_deps/googletest-src/googletest/src/gtest_main.cc
Note: Google Test filter = Group/ConvertingTestsSuite.EqualTest/18
[==========] Running 1 test from 1 test suite.
[----------] Global test environment set-up.
[----------] 1 test from Group/ConvertingTestsSuite
[ RUN      ] Group/ConvertingTestsSuite.EqualTest/18
[       OK ] Group/ConvertingTestsSuite.EqualTest/18 (0 ms)
[----------] 1 test from Group/ConvertingTestsSuite (0 ms total)

[----------] Global test environment tear-down
[==========] 1 test from 1 test suite ran. (0 ms total)
[  PASSED  ] 1 test.
<end of output>
Test time =   0.01 sec
----------------------------------------------------------
Test Passed.
"Group/ConvertingTestsSuite.EqualTest/(4294934528, 0x7ff6d74ee151 pointing to "32768", false)" end time: Oct 19 23:50 RTZ 2 (çèìà)
"Group/ConvertingTestsSuite.EqualTest/(4294934528, 0x7ff6d74ee151 pointing to "32768", false)" time elapsed: 00:00:00
----------------------------------------------------------

20/118 Testing: Group/ConvertingTestsSuite.EqualTest/(4294901761, 0x7ff6d74ee14b pointing to "65535", false)
20/118 Test: Group/ConvertingTestsSuite.EqualTest/(4294901761, 0x7ff6d74ee14b pointing to "65535", false)
Command: "C:/Users/krasn/Desktop/lab_2/labwork2-squirtleKKS/cmake-build-debug/tests/number_tests.exe" "--gtest_filter=Group/ConvertingTestsSuite.EqualTest/19" "--gtest_also_run_disabled_tests"
Directory: C:/Users/krasn/Desktop/lab_2/labwork2-squirtleKKS/cmake-build-debug/tests
"Group/ConvertingTestsSuite.EqualTest/(4294901761, 0x7ff6d74ee14b pointing to "65535", false)" start time: Oct 19 23:50 RTZ 2 (çèìà)
Output:
----------------------------------------------------------
Running main() from C:/Users/krasn/Desktop/lab_2/labwork2-squirtleKKS/cmake-build-debug/_deps/googletest-src/googletest/src/gtest_main.cc
Note: Google Test filter = Group/ConvertingTestsSuite.EqualTest/19
[==========] Running 1 test from 1 test suite.
[----------] Global test environment set-up.
[----------] 1 test from Group/ConvertingTestsSuite
[ RUN      ] Group/ConvertingTestsSuite.EqualTest/19
[       OK ] Group/ConvertingTestsSuite.EqualTest/19 (0 ms)
[----------] 1 test from Group/ConvertingTestsSuite (0 ms total)

[----------] Global test environment tear-down
[==========] 1 test from 1 test suite ran. (0 ms total)
[  PASSED  ] 1 test.
<end of output>
Test time =   0.01 sec
----------------------------------------------------------
Test Passed.
"Group/ConvertingTestsSuite.EqualTest/(4294901761, 0x7ff6d74ee14b pointing to "65535", false)" end time: Oct 19 23:50 RTZ 2 (çèìà)
"Group/ConvertingTestsSuite.EqualTest/(4294901761, 0x7ff6d74ee14b pointing to "65535", false)" time elapsed: 00:00:00
----------------------------------------------------------

21/118 Testing: Group/ConvertingTestsSuite.EqualTest/(2147483649, 0x7ff6d74ee140 pointing to "2147483647", false)
21/118 Test: Group/ConvertingTestsSuite.EqualTest/(2147483649, 0x7ff6d74ee140 pointing to "2147483647", false)
Command: "C:/Users/krasn/Desktop/lab_2/labwork2-squirtleKKS/cmake-build-debug/tests/number_tests.exe" "--gtest_filter=Group/ConvertingTestsSuite.EqualTest/20" "--gtest_also_run_disabled_tests"
Directory: C:/Users/krasn/Desktop/lab_2/labwork2-squirtleKKS/cmake-build-debug/tests
"Group/ConvertingTestsSuite.EqualTest/(2147483649, 0x7ff6d74ee140 pointing to "2147483647", false)" start time: Oct 19 23:50 RTZ 2 (çèìà)
Output:
----------------------------------------------------------
Running main() from C:/Users/krasn/Desktop/lab_2/labwork2-squirtleKKS/cmake-build-debug/_deps/googletest-src/googletest/src/gtest_main.cc
Note: Google Test filter = Group/ConvertingTestsSuite.EqualTest/20
[==========] Running 1 test from 1 test suite.
[----------] Global test environment set-up.
[----------] 1 test from Group/ConvertingTestsSuite
[ RUN      ] Group/ConvertingTestsSuite.EqualTest/20
[       OK ] Group/ConvertingTestsSuite.EqualTest/20 (0 ms)
[----------] 1 test from Group/ConvertingTestsSuite (0 ms total)

[----------] Global test environment tear-down
[==========] 1 test from 1 test suite ran. (0 ms total)
[  PASSED  ] 1 test.
<end of output>
Test time =   0.01 sec
----------------------------------------------------------
Test Passed.
"Group/ConvertingTestsSuite.EqualTest/(2147483649, 0x7ff6d74ee140 pointing to "2147483647", false)" end time: Oct 19 23:50 RTZ 2 (çèìà)
"Group/ConvertingTestsSuite.EqualTest/(2147483649, 0x7ff6d74ee140 pointing to "2147483647", false)" time elapsed: 00:00:00
----------------------------------------------------------

22/118 Testing: Group/ConvertingTestsSuite.EqualTest/(2147483648, 0x7ff6d74ee135 pointing to "2147483648", false)
22/118 Test: Group/ConvertingTestsSuite.EqualTest/(2147483648, 0x7ff6d74ee135 pointing to "2147483648", false)
Command: "C:/Users/krasn/Desktop/lab_2/labwork2-squirtleKKS/cmake-build-debug/tests/number_tests.exe" "--gtest_filter=Group/ConvertingTestsSuite.EqualTest/21" "--gtest_also_run_disabled_tests"
Directory: C:/Users/krasn/Desktop/lab_2/labwork2-squirtleKKS/cmake-build-debug/tests
"Group/ConvertingTestsSuite.EqualTest/(2147483648, 0x7ff6d74ee135 pointing to "2147483648", false)" start time: Oct 19 23:50 RTZ 2 (çèìà)
Output:
----------------------------------------------------------
Running main() from C:/Users/krasn/Desktop/lab_2/labwork2-squirtleKKS/cmake-build-debug/_deps/googletest-src/googletest/src/gtest_main.cc
Note: Google Test filter = Group/ConvertingTestsSuite.EqualTest/21
[==========] Running 1 test from 1 test suite.
[----------] Global test environment set-up.
[----------] 1 test from Group/ConvertingTestsSuite
[ RUN      ] Group/ConvertingTestsSuite.EqualTest/21
[       OK ] Group/ConvertingTestsSuite.EqualTest/21 (0 ms)
[----------] 1 test from Group/ConvertingTestsSuite (0 ms total)

[----------] Global test environment tear-down
[==========] 1 test from 1 test suite ran. (0 ms total)
[  PASSED  ] 1 test.
<end of output>
Test time =   0.01 sec
----------------------------------------------------------
Test Passed.
"Group/ConvertingTestsSuite.EqualTest/(2147483648, 0x7ff6d74ee135 pointing to "2147483648", false)" end time: Oct 19 23:50 RTZ 2 (çèìà)
"Group/ConvertingTestsSuite.EqualTest/(2147483648, 0x7ff6d74ee135 pointing to "2147483648", false)" time elapsed: 00:00:00
----------------------------------------------------------

23/118 Testing: Group/OperationTestsSuite.AddTest/(0x7ff6d74ee16b pointing to "1", 0x7ff6d74ee16b pointing to "1", 0x7ff6d74eff80 pointing to "2", 0x7ff6d74ee197 pointing to "0", 0x7ff6d74ee16b pointing to "1", 0x7ff6d74ee16b pointing to "1")
23/118 Test: Group/OperationTestsSuite.AddTest/(0x7ff6d74ee16b pointing to "1", 0x7ff6d74ee16b pointing to "1", 0x7ff6d74eff80 pointing to "2", 0x7ff6d74ee197 pointing to "0", 0x7ff6d74ee16b pointing to "1", 0x7ff6d74ee16b pointing to "1")
Command: "C:/Users/krasn/Desktop/lab_2/labwork2-squirtleKKS/cmake-build-debug/tests/number_tests.exe" "--gtest_filter=Group/OperationTestsSuite.AddTest/0" "--gtest_also_run_disabled_tests"
Directory: C:/Users/krasn/Desktop/lab_2/labwork2-squirtleKKS/cmake-build-debug/tests
"Group/OperationTestsSuite.AddTest/(0x7ff6d74ee16b pointing to "1", 0x7ff6d74ee16b pointing to "1", 0x7ff6d74eff80 pointing to "2", 0x7ff6d74ee197 pointing to "0", 0x7ff6d74ee16b pointing to "1", 0x7ff6d74ee16b pointing to "1")" start time: Oct 19 23:50 RTZ 2 (çèìà)
Output:
----------------------------------------------------------
Running main() from C:/Users/krasn/Desktop/lab_2/labwork2-squirtleKKS/cmake-build-debug/_deps/googletest-src/googletest/src/gtest_main.cc
Note: Google Test filter = Group/OperationTestsSuite.AddTest/0
[==========] Running 1 test from 1 test suite.
[----------] Global test environment set-up.
[----------] 1 test from Group/OperationTestsSuite
[ RUN      ] Group/OperationTestsSuite.AddTest/0
[       OK ] Group/OperationTestsSuite.AddTest/0 (0 ms)
[----------] 1 test from Group/OperationTestsSuite (0 ms total)

[----------] Global test environment tear-down
[==========] 1 test from 1 test suite ran. (0 ms total)
[  PASSED  ] 1 test.
<end of output>
Test time =   0.01 sec
----------------------------------------------------------
Test Passed.
"Group/OperationTestsSuite.AddTest/(0x7ff6d74ee16b pointing to "1", 0x7ff6d74ee16b pointing to "1", 0x7ff6d74eff80 pointing to "2", 0x7ff6d74ee197 pointing to "0", 0x7ff6d74ee16b pointing to "1", 0x7ff6d74ee16b pointing to "1")" end time: Oct 19 23:50 RTZ 2 (çèìà)
"Group/OperationTestsSuite.AddTest/(0x7ff6d74ee16b pointing to "1", 0x7ff6d74ee16b pointing to "1", 0x7ff6d74eff80 pointing to "2", 0x7ff6d74ee197 pointing to "0", 0x7ff6d74ee16b pointing to "1", 0x7ff6d74ee16b pointing to "1")" time elapsed: 00:00:00
----------------------------------------------------------

24/118 Testing: Group/OperationTestsSuite.AddTest/(0x7ff6d74f022c pointing to "1024", 0x7ff6d74ee16b pointing to "1", 0x7ff6d74f0227 pointing to "1025", 0x7ff6d74f0231 pointing to "1023", 0x7ff6d74f022c pointing to "1024", 0x7ff6d74f022c pointing to "1024")
24/118 Test: Group/OperationTestsSuite.AddTest/(0x7ff6d74f022c pointing to "1024", 0x7ff6d74ee16b pointing to "1", 0x7ff6d74f0227 pointing to "1025", 0x7ff6d74f0231 pointing to "1023", 0x7ff6d74f022c pointing to "1024", 0x7ff6d74f022c pointing to "1024")
Command: "C:/Users/krasn/Desktop/lab_2/labwork2-squirtleKKS/cmake-build-debug/tests/number_tests.exe" "--gtest_filter=Group/OperationTestsSuite.AddTest/1" "--gtest_also_run_disabled_tests"
Directory: C:/Users/krasn/Desktop/lab_2/labwork2-squirtleKKS/cmake-build-debug/tests
"Group/OperationTestsSuite.AddTest/(0x7ff6d74f022c pointing to "1024", 0x7ff6d74ee16b pointing to "1", 0x7ff6d74f0227 pointing to "1025", 0x7ff6d74f0231 pointing to "1023", 0x7ff6d74f022c pointing to "1024", 0x7ff6d74f022c pointing to "1024")" start time: Oct 19 23:50 RTZ 2 (çèìà)
Output:
----------------------------------------------------------
Running main() from C:/Users/krasn/Desktop/lab_2/labwork2-squirtleKKS/cmake-build-debug/_deps/googletest-src/googletest/src/gtest_main.cc
Note: Google Test filter = Group/OperationTestsSuite.AddTest/1
[==========] Running 1 test from 1 test suite.
[----------] Global test environment set-up.
[----------] 1 test from Group/OperationTestsSuite
[ RUN      ] Group/OperationTestsSuite.AddTest/1
[       OK ] Group/OperationTestsSuite.AddTest/1 (0 ms)
[----------] 1 test from Group/OperationTestsSuite (0 ms total)

[----------] Global test environment tear-down
[==========] 1 test from 1 test suite ran. (0 ms total)
[  PASSED  ] 1 test.
<end of output>
Test time =   0.02 sec
----------------------------------------------------------
Test Passed.
"Group/OperationTestsSuite.AddTest/(0x7ff6d74f022c pointing to "1024", 0x7ff6d74ee16b pointing to "1", 0x7ff6d74f0227 pointing to "1025", 0x7ff6d74f0231 pointing to "1023", 0x7ff6d74f022c pointing to "1024", 0x7ff6d74f022c pointing to "1024")" end time: Oct 19 23:50 RTZ 2 (çèìà)
"Group/OperationTestsSuite.AddTest/(0x7ff6d74f022c pointing to "1024", 0x7ff6d74ee16b pointing to "1", 0x7ff6d74f0227 pointing to "1025", 0x7ff6d74f0231 pointing to "1023", 0x7ff6d74f022c pointing to "1024", 0x7ff6d74f022c pointing to "1024")" time elapsed: 00:00:00
----------------------------------------------------------

25/118 Testing: Group/OperationTestsSuite.AddTest/(0x7ff6d74f0130 pointing to "405272312330606683982498447530407677486444946329741970511324085183808429621437", 0x7ff6d74ee16b pointing to "1", 0x7ff6d74f0188 pointing to "405272312330606683982498447530407677486444946329741970511324085183808429621438",...
25/118 Test: Group/OperationTestsSuite.AddTest/(0x7ff6d74f0130 pointing to "405272312330606683982498447530407677486444946329741970511324085183808429621437", 0x7ff6d74ee16b pointing to "1", 0x7ff6d74f0188 pointing to "405272312330606683982498447530407677486444946329741970511324085183808429621438",...
Command: "C:/Users/krasn/Desktop/lab_2/labwork2-squirtleKKS/cmake-build-debug/tests/number_tests.exe" "--gtest_filter=Group/OperationTestsSuite.AddTest/2" "--gtest_also_run_disabled_tests"
Directory: C:/Users/krasn/Desktop/lab_2/labwork2-squirtleKKS/cmake-build-debug/tests
"Group/OperationTestsSuite.AddTest/(0x7ff6d74f0130 pointing to "405272312330606683982498447530407677486444946329741970511324085183808429621437", 0x7ff6d74ee16b pointing to "1", 0x7ff6d74f0188 pointing to "405272312330606683982498447530407677486444946329741970511324085183808429621438",..." start time: Oct 19 23:50 RTZ 2 (çèìà)
Output:
----------------------------------------------------------
Running main() from C:/Users/krasn/Desktop/lab_2/labwork2-squirtleKKS/cmake-build-debug/_deps/googletest-src/googletest/src/gtest_main.cc
Note: Google Test filter = Group/OperationTestsSuite.AddTest/2
[==========] Running 1 test from 1 test suite.
[----------] Global test environment set-up.
[----------] 1 test from Group/OperationTestsSuite
[ RUN      ] Group/OperationTestsSuite.AddTest/2
[       OK ] Group/OperationTestsSuite.AddTest/2 (2 ms)
[----------] 1 test from Group/OperationTestsSuite (2 ms total)

[----------] Global test environment tear-down
[==========] 1 test from 1 test suite ran. (2 ms total)
[  PASSED  ] 1 test.
<end of output>
Test time =   0.02 sec
----------------------------------------------------------
Test Passed.
"Group/OperationTestsSuite.AddTest/(0x7ff6d74f0130 pointing to "405272312330606683982498447530407677486444946329741970511324085183808429621437", 0x7ff6d74ee16b pointing to "1", 0x7ff6d74f0188 pointing to "405272312330606683982498447530407677486444946329741970511324085183808429621438",..." end time: Oct 19 23:50 RTZ 2 (çèìà)
"Group/OperationTestsSuite.AddTest/(0x7ff6d74f0130 pointing to "405272312330606683982498447530407677486444946329741970511324085183808429621437", 0x7ff6d74ee16b pointing to "1", 0x7ff6d74f0188 pointing to "405272312330606683982498447530407677486444946329741970511324085183808429621438",..." time elapsed: 00:00:00
----------------------------------------------------------

26/118 Testing: Group/OperationTestsSuite.AddTest/(0x7ff6d74effd0 pointing to "405272312330606683982498447530407677486444946329741977764879002871583477858493", 0x7ff6d74ee197 pointing to "0", 0x7ff6d74effd0 pointing to "405272312330606683982498447530407677486444946329741977764879002871583477858493",...
26/118 Test: Group/OperationTestsSuite.AddTest/(0x7ff6d74effd0 pointing to "405272312330606683982498447530407677486444946329741977764879002871583477858493", 0x7ff6d74ee197 pointing to "0", 0x7ff6d74effd0 pointing to "405272312330606683982498447530407677486444946329741977764879002871583477858493",...
Command: "C:/Users/krasn/Desktop/lab_2/labwork2-squirtleKKS/cmake-build-debug/tests/number_tests.exe" "--gtest_filter=Group/OperationTestsSuite.AddTest/3" "--gtest_also_run_disabled_tests"
Directory: C:/Users/krasn/Desktop/lab_2/labwork2-squirtleKKS/cmake-build-debug/tests
"Group/OperationTestsSuite.AddTest/(0x7ff6d74effd0 pointing to "405272312330606683982498447530407677486444946329741977764879002871583477858493", 0x7ff6d74ee197 pointing to "0", 0x7ff6d74effd0 pointing to "405272312330606683982498447530407677486444946329741977764879002871583477858493",..." start time: Oct 19 23:50 RTZ 2 (çèìà)
Output:
----------------------------------------------------------
Running main() from C:/Users/krasn/Desktop/lab_2/labwork2-squirtleKKS/cmake-build-debug/_deps/googletest-src/googletest/src/gtest_main.cc
Note: Google Test filter = Group/OperationTestsSuite.AddTest/3
[==========] Running 1 test from 1 test suite.
[----------] Global test environment set-up.
[----------] 1 test from Group/OperationTestsSuite
[ RUN      ] Group/OperationTestsSuite.AddTest/3
[       OK ] Group/OperationTestsSuite.AddTest/3 (2 ms)
[----------] 1 test from Group/OperationTestsSuite (2 ms total)

[----------] Global test environment tear-down
[==========] 1 test from 1 test suite ran. (3 ms total)
[  PASSED  ] 1 test.
<end of output>
Test time =   0.01 sec
----------------------------------------------------------
Test Passed.
"Group/OperationTestsSuite.AddTest/(0x7ff6d74effd0 pointing to "405272312330606683982498447530407677486444946329741977764879002871583477858493", 0x7ff6d74ee197 pointing to "0", 0x7ff6d74effd0 pointing to "405272312330606683982498447530407677486444946329741977764879002871583477858493",..." end time: Oct 19 23:50 RTZ 2 (çèìà)
"Group/OperationTestsSuite.AddTest/(0x7ff6d74effd0 pointing to "405272312330606683982498447530407677486444946329741977764879002871583477858493", 0x7ff6d74ee197 pointing to "0", 0x7ff6d74effd0 pointing to "405272312330606683982498447530407677486444946329741977764879002871583477858493",..." time elapsed: 00:00:00
----------------------------------------------------------

27/118 Testing: Group/OperationTestsSuite.AddTest/(0x7ff6d74f0040 pointing to "405272312330606683982498447530407677486444946329741974138101544027695953739965", 0x7ff6d74f001f pointing to "3626777458843887524118528", 0x7ff6d74effd0 pointing to "40527231233060668398249844753040767748644494632974197776...
27/118 Test: Group/OperationTestsSuite.AddTest/(0x7ff6d74f0040 pointing to "405272312330606683982498447530407677486444946329741974138101544027695953739965", 0x7ff6d74f001f pointing to "3626777458843887524118528", 0x7ff6d74effd0 pointing to "40527231233060668398249844753040767748644494632974197776...
Command: "C:/Users/krasn/Desktop/lab_2/labwork2-squirtleKKS/cmake-build-debug/tests/number_tests.exe" "--gtest_filter=Group/OperationTestsSuite.AddTest/4" "--gtest_also_run_disabled_tests"
Directory: C:/Users/krasn/Desktop/lab_2/labwork2-squirtleKKS/cmake-build-debug/tests
"Group/OperationTestsSuite.AddTest/(0x7ff6d74f0040 pointing to "405272312330606683982498447530407677486444946329741974138101544027695953739965", 0x7ff6d74f001f pointing to "3626777458843887524118528", 0x7ff6d74effd0 pointing to "40527231233060668398249844753040767748644494632974197776..." start time: Oct 19 23:50 RTZ 2 (çèìà)
Output:
----------------------------------------------------------
Running main() from C:/Users/krasn/Desktop/lab_2/labwork2-squirtleKKS/cmake-build-debug/_deps/googletest-src/googletest/src/gtest_main.cc
Note: Google Test filter = Group/OperationTestsSuite.AddTest/4
[==========] Running 1 test from 1 test suite.
[----------] Global test environment set-up.
[----------] 1 test from Group/OperationTestsSuite
[ RUN      ] Group/OperationTestsSuite.AddTest/4
[       OK ] Group/OperationTestsSuite.AddTest/4 (2 ms)
[----------] 1 test from Group/OperationTestsSuite (2 ms total)

[----------] Global test environment tear-down
[==========] 1 test from 1 test suite ran. (2 ms total)
[  PASSED  ] 1 test.
<end of output>
Test time =   0.02 sec
----------------------------------------------------------
Test Passed.
"Group/OperationTestsSuite.AddTest/(0x7ff6d74f0040 pointing to "405272312330606683982498447530407677486444946329741974138101544027695953739965", 0x7ff6d74f001f pointing to "3626777458843887524118528", 0x7ff6d74effd0 pointing to "40527231233060668398249844753040767748644494632974197776..." end time: Oct 19 23:50 RTZ 2 (çèìà)
"Group/OperationTestsSuite.AddTest/(0x7ff6d74f0040 pointing to "405272312330606683982498447530407677486444946329741974138101544027695953739965", 0x7ff6d74f001f pointing to "3626777458843887524118528", 0x7ff6d74effd0 pointing to "40527231233060668398249844753040767748644494632974197776..." time elapsed: 00:00:00
----------------------------------------------------------

28/118 Testing: Group/OperationTestsSuite.AddTest/(0x7ff6d74effb9 pointing to "-1282", 0x7ff6d74effb4 pointing to "2530", 0x7ff6d74effaf pointing to "1248", 0x7ff6d74effc8 pointing to "-3812", 0x7ff6d74effbf pointing to "-3243460", 0x7ff6d74ee197 pointing to "0")
28/118 Test: Group/OperationTestsSuite.AddTest/(0x7ff6d74effb9 pointing to "-1282", 0x7ff6d74effb4 pointing to "2530", 0x7ff6d74effaf pointing to "1248", 0x7ff6d74effc8 pointing to "-3812", 0x7ff6d74effbf pointing to "-3243460", 0x7ff6d74ee197 pointing to "0")
Command: "C:/Users/krasn/Desktop/lab_2/labwork2-squirtleKKS/cmake-build-debug/tests/number_tests.exe" "--gtest_filter=Group/OperationTestsSuite.AddTest/5" "--gtest_also_run_disabled_tests"
Directory: C:/Users/krasn/Desktop/lab_2/labwork2-squirtleKKS/cmake-build-debug/tests
"Group/OperationTestsSuite.AddTest/(0x7ff6d74effb9 pointing to "-1282", 0x7ff6d74effb4 pointing to "2530", 0x7ff6d74effaf pointing to "1248", 0x7ff6d74effc8 pointing to "-3812", 0x7ff6d74effbf pointing to "-3243460", 0x7ff6d74ee197 pointing to "0")" start time: Oct 19 23:50 RTZ 2 (çèìà)
Output:
----------------------------------------------------------
Running main() from C:/Users/krasn/Desktop/lab_2/labwork2-squirtleKKS/cmake-build-debug/_deps/googletest-src/googletest/src/gtest_main.cc
Note: Google Test filter = Group/OperationTestsSuite.AddTest/5
[==========] Running 1 test from 1 test suite.
[----------] Global test environment set-up.
[----------] 1 test from Group/OperationTestsSuite
[ RUN      ] Group/OperationTestsSuite.AddTest/5
[       OK ] Group/OperationTestsSuite.AddTest/5 (0 ms)
[----------] 1 test from Group/OperationTestsSuite (0 ms total)

[----------] Global test environment tear-down
[==========] 1 test from 1 test suite ran. (0 ms total)
[  PASSED  ] 1 test.
<end of output>
Test time =   0.01 sec
----------------------------------------------------------
Test Passed.
"Group/OperationTestsSuite.AddTest/(0x7ff6d74effb9 pointing to "-1282", 0x7ff6d74effb4 pointing to "2530", 0x7ff6d74effaf pointing to "1248", 0x7ff6d74effc8 pointing to "-3812", 0x7ff6d74effbf pointing to "-3243460", 0x7ff6d74ee197 pointing to "0")" end time: Oct 19 23:50 RTZ 2 (çèìà)
"Group/OperationTestsSuite.AddTest/(0x7ff6d74effb9 pointing to "-1282", 0x7ff6d74effb4 pointing to "2530", 0x7ff6d74effaf pointing to "1248", 0x7ff6d74effc8 pointing to "-3812", 0x7ff6d74effbf pointing to "-3243460", 0x7ff6d74ee197 pointing to "0")" time elapsed: 00:00:00
----------------------------------------------------------

29/118 Testing: Group/OperationTestsSuite.AddTest/(0x7ff6d74eff9c pointing to "-3661", 0x7ff6d74eff96 pointing to "-3614", 0x7ff6d74eff90 pointing to "-7275", 0x7ff6d74effab pointing to "-47", 0x7ff6d74effa2 pointing to "13230854", 0x7ff6d74ee16b pointing to "1")
29/118 Test: Group/OperationTestsSuite.AddTest/(0x7ff6d74eff9c pointing to "-3661", 0x7ff6d74eff96 pointing to "-3614", 0x7ff6d74eff90 pointing to "-7275", 0x7ff6d74effab pointing to "-47", 0x7ff6d74effa2 pointing to "13230854", 0x7ff6d74ee16b pointing to "1")
Command: "C:/Users/krasn/Desktop/lab_2/labwork2-squirtleKKS/cmake-build-debug/tests/number_tests.exe" "--gtest_filter=Group/OperationTestsSuite.AddTest/6" "--gtest_also_run_disabled_tests"
Directory: C:/Users/krasn/Desktop/lab_2/labwork2-squirtleKKS/cmake-build-debug/tests
"Group/OperationTestsSuite.AddTest/(0x7ff6d74eff9c pointing to "-3661", 0x7ff6d74eff96 pointing to "-3614", 0x7ff6d74eff90 pointing to "-7275", 0x7ff6d74effab pointing to "-47", 0x7ff6d74effa2 pointing to "13230854", 0x7ff6d74ee16b pointing to "1")" start time: Oct 19 23:50 RTZ 2 (çèìà)
Output:
----------------------------------------------------------
Running main() from C:/Users/krasn/Desktop/lab_2/labwork2-squirtleKKS/cmake-build-debug/_deps/googletest-src/googletest/src/gtest_main.cc
Note: Google Test filter = Group/OperationTestsSuite.AddTest/6
[==========] Running 1 test from 1 test suite.
[----------] Global test environment set-up.
[----------] 1 test from Group/OperationTestsSuite
[ RUN      ] Group/OperationTestsSuite.AddTest/6
[       OK ] Group/OperationTestsSuite.AddTest/6 (0 ms)
[----------] 1 test from Group/OperationTestsSuite (0 ms total)

[----------] Global test environment tear-down
[==========] 1 test from 1 test suite ran. (0 ms total)
[  PASSED  ] 1 test.
<end of output>
Test time =   0.01 sec
----------------------------------------------------------
Test Passed.
"Group/OperationTestsSuite.AddTest/(0x7ff6d74eff9c pointing to "-3661", 0x7ff6d74eff96 pointing to "-3614", 0x7ff6d74eff90 pointing to "-7275", 0x7ff6d74effab pointing to "-47", 0x7ff6d74effa2 pointing to "13230854", 0x7ff6d74ee16b pointing to "1")" end time: Oct 19 23:50 RTZ 2 (çèìà)
"Group/OperationTestsSuite.AddTest/(0x7ff6d74eff9c pointing to "-3661", 0x7ff6d74eff96 pointing to "-3614", 0x7ff6d74eff90 pointing to "-7275", 0x7ff6d74effab pointing to "-47", 0x7ff6d74effa2 pointing to "13230854", 0x7ff6d74ee16b pointing to "1")" time elapsed: 00:00:00
----------------------------------------------------------

30/118 Testing: Group/OperationTestsSuite.AddTest/(0x7ff6d74eff7a pointing to "-3896", 0x7ff6d74eff74 pointing to "-1908", 0x7ff6d74eff6e pointing to "-5804", 0x7ff6d74eff8a pointing to "-1988", 0x7ff6d74eff82 pointing to "7433568", 0x7ff6d74eff80 pointing to "2")
30/118 Test: Group/OperationTestsSuite.AddTest/(0x7ff6d74eff7a pointing to "-3896", 0x7ff6d74eff74 pointing to "-1908", 0x7ff6d74eff6e pointing to "-5804", 0x7ff6d74eff8a pointing to "-1988", 0x7ff6d74eff82 pointing to "7433568", 0x7ff6d74eff80 pointing to "2")
Command: "C:/Users/krasn/Desktop/lab_2/labwork2-squirtleKKS/cmake-build-debug/tests/number_tests.exe" "--gtest_filter=Group/OperationTestsSuite.AddTest/7" "--gtest_also_run_disabled_tests"
Directory: C:/Users/krasn/Desktop/lab_2/labwork2-squirtleKKS/cmake-build-debug/tests
"Group/OperationTestsSuite.AddTest/(0x7ff6d74eff7a pointing to "-3896", 0x7ff6d74eff74 pointing to "-1908", 0x7ff6d74eff6e pointing to "-5804", 0x7ff6d74eff8a pointing to "-1988", 0x7ff6d74eff82 pointing to "7433568", 0x7ff6d74eff80 pointing to "2")" start time: Oct 19 23:50 RTZ 2 (çèìà)
Output:
----------------------------------------------------------
Running main() from C:/Users/krasn/Desktop/lab_2/labwork2-squirtleKKS/cmake-build-debug/_deps/googletest-src/googletest/src/gtest_main.cc
Note: Google Test filter = Group/OperationTestsSuite.AddTest/7
[==========] Running 1 test from 1 test suite.
[----------] Global test environment set-up.
[----------] 1 test from Group/OperationTestsSuite
[ RUN      ] Group/OperationTestsSuite.AddTest/7
[       OK ] Group/OperationTestsSuite.AddTest/7 (0 ms)
[----------] 1 test from Group/OperationTestsSuite (0 ms total)

[----------] Global test environment tear-down
[==========] 1 test from 1 test suite ran. (0 ms total)
[  PASSED  ] 1 test.
<end of output>
Test time =   0.01 sec
----------------------------------------------------------
Test Passed.
"Group/OperationTestsSuite.AddTest/(0x7ff6d74eff7a pointing to "-3896", 0x7ff6d74eff74 pointing to "-1908", 0x7ff6d74eff6e pointing to "-5804", 0x7ff6d74eff8a pointing to "-1988", 0x7ff6d74eff82 pointing to "7433568", 0x7ff6d74eff80 pointing to "2")" end time: Oct 19 23:50 RTZ 2 (çèìà)
"Group/OperationTestsSuite.AddTest/(0x7ff6d74eff7a pointing to "-3896", 0x7ff6d74eff74 pointing to "-1908", 0x7ff6d74eff6e pointing to "-5804", 0x7ff6d74eff8a pointing to "-1988", 0x7ff6d74eff82 pointing to "7433568", 0x7ff6d74eff80 pointing to "2")" time elapsed: 00:00:00
----------------------------------------------------------

31/118 Testing: Group/OperationTestsSuite.AddTest/(0x7ff6d74efe30 pointing to "-73989903274620946355896497534176567458423271806658992916116356604130779555503", 0x7ff6d74efde0 pointing to "-96128587107354470568792418496253598745583634292863565170370785011992475364274", 0x7ff6d74efd90 pointing to "-17...
31/118 Test: Group/OperationTestsSuite.AddTest/(0x7ff6d74efe30 pointing to "-73989903274620946355896497534176567458423271806658992916116356604130779555503", 0x7ff6d74efde0 pointing to "-96128587107354470568792418496253598745583634292863565170370785011992475364274", 0x7ff6d74efd90 pointing to "-17...
Command: "C:/Users/krasn/Desktop/lab_2/labwork2-squirtleKKS/cmake-build-debug/tests/number_tests.exe" "--gtest_filter=Group/OperationTestsSuite.AddTest/8" "--gtest_also_run_disabled_tests"
Directory: C:/Users/krasn/Desktop/lab_2/labwork2-squirtleKKS/cmake-build-debug/tests
"Group/OperationTestsSuite.AddTest/(0x7ff6d74efe30 pointing to "-73989903274620946355896497534176567458423271806658992916116356604130779555503", 0x7ff6d74efde0 pointing to "-96128587107354470568792418496253598745583634292863565170370785011992475364274", 0x7ff6d74efd90 pointing to "-17..." start time: Oct 19 23:50 RTZ 2 (çèìà)
Output:
----------------------------------------------------------
Running main() from C:/Users/krasn/Desktop/lab_2/labwork2-squirtleKKS/cmake-build-debug/_deps/googletest-src/googletest/src/gtest_main.cc
Note: Google Test filter = Group/OperationTestsSuite.AddTest/8
[==========] Running 1 test from 1 test suite.
[----------] Global test environment set-up.
[----------] 1 test from Group/OperationTestsSuite
[ RUN      ] Group/OperationTestsSuite.AddTest/8
[       OK ] Group/OperationTestsSuite.AddTest/8 (4 ms)
[----------] 1 test from Group/OperationTestsSuite (4 ms total)

[----------] Global test environment tear-down
[==========] 1 test from 1 test suite ran. (4 ms total)
[  PASSED  ] 1 test.
<end of output>
Test time =   0.01 sec
----------------------------------------------------------
Test Passed.
"Group/OperationTestsSuite.AddTest/(0x7ff6d74efe30 pointing to "-73989903274620946355896497534176567458423271806658992916116356604130779555503", 0x7ff6d74efde0 pointing to "-96128587107354470568792418496253598745583634292863565170370785011992475364274", 0x7ff6d74efd90 pointing to "-17..." end time: Oct 19 23:50 RTZ 2 (çèìà)
"Group/OperationTestsSuite.AddTest/(0x7ff6d74efe30 pointing to "-73989903274620946355896497534176567458423271806658992916116356604130779555503", 0x7ff6d74efde0 pointing to "-96128587107354470568792418496253598745583634292863565170370785011992475364274", 0x7ff6d74efd90 pointing to "-17..." time elapsed: 00:00:00
----------------------------------------------------------

32/118 Testing: Group/OperationTestsSuite.AddTest/(0x7ff6d74efc50 pointing to "-99221571607979123665780991349421372751072036634265333790224952842857143556818", 0x7ff6d74efc00 pointing to "-65529078579099725249902581203152790807201440339173524296737345244458286237794", 0x7ff6d74efbb0 pointing to "-16...
32/118 Test: Group/OperationTestsSuite.AddTest/(0x7ff6d74efc50 pointing to "-99221571607979123665780991349421372751072036634265333790224952842857143556818", 0x7ff6d74efc00 pointing to "-65529078579099725249902581203152790807201440339173524296737345244458286237794", 0x7ff6d74efbb0 pointing to "-16...
Command: "C:/Users/krasn/Desktop/lab_2/labwork2-squirtleKKS/cmake-build-debug/tests/number_tests.exe" "--gtest_filter=Group/OperationTestsSuite.AddTest/9" "--gtest_also_run_disabled_tests"
Directory: C:/Users/krasn/Desktop/lab_2/labwork2-squirtleKKS/cmake-build-debug/tests
"Group/OperationTestsSuite.AddTest/(0x7ff6d74efc50 pointing to "-99221571607979123665780991349421372751072036634265333790224952842857143556818", 0x7ff6d74efc00 pointing to "-65529078579099725249902581203152790807201440339173524296737345244458286237794", 0x7ff6d74efbb0 pointing to "-16..." start time: Oct 19 23:50 RTZ 2 (çèìà)
Output:
----------------------------------------------------------
Running main() from C:/Users/krasn/Desktop/lab_2/labwork2-squirtleKKS/cmake-build-debug/_deps/googletest-src/googletest/src/gtest_main.cc
Note: Google Test filter = Group/OperationTestsSuite.AddTest/9
[==========] Running 1 test from 1 test suite.
[----------] Global test environment set-up.
[----------] 1 test from Group/OperationTestsSuite
[ RUN      ] Group/OperationTestsSuite.AddTest/9
[       OK ] Group/OperationTestsSuite.AddTest/9 (4 ms)
[----------] 1 test from Group/OperationTestsSuite (4 ms total)

[----------] Global test environment tear-down
[==========] 1 test from 1 test suite ran. (4 ms total)
[  PASSED  ] 1 test.
<end of output>
Test time =   0.01 sec
----------------------------------------------------------
Test Passed.
"Group/OperationTestsSuite.AddTest/(0x7ff6d74efc50 pointing to "-99221571607979123665780991349421372751072036634265333790224952842857143556818", 0x7ff6d74efc00 pointing to "-65529078579099725249902581203152790807201440339173524296737345244458286237794", 0x7ff6d74efbb0 pointing to "-16..." end time: Oct 19 23:50 RTZ 2 (çèìà)
"Group/OperationTestsSuite.AddTest/(0x7ff6d74efc50 pointing to "-99221571607979123665780991349421372751072036634265333790224952842857143556818", 0x7ff6d74efc00 pointing to "-65529078579099725249902581203152790807201440339173524296737345244458286237794", 0x7ff6d74efbb0 pointing to "-16..." time elapsed: 00:00:00
----------------------------------------------------------

33/118 Testing: Group/OperationTestsSuite.AddTest/(0x7ff6d74efa70 pointing to "-36910543626357909786996858927504055915546565889432391444809017960754559034869", 0x7ff6d74efa20 pointing to "-67532224128613087281662110248791958688454806792296727573054956633143475837222", 0x7ff6d74ef9d0 pointing to "-10...
33/118 Test: Group/OperationTestsSuite.AddTest/(0x7ff6d74efa70 pointing to "-36910543626357909786996858927504055915546565889432391444809017960754559034869", 0x7ff6d74efa20 pointing to "-67532224128613087281662110248791958688454806792296727573054956633143475837222", 0x7ff6d74ef9d0 pointing to "-10...
Command: "C:/Users/krasn/Desktop/lab_2/labwork2-squirtleKKS/cmake-build-debug/tests/number_tests.exe" "--gtest_filter=Group/OperationTestsSuite.AddTest/10" "--gtest_also_run_disabled_tests"
Directory: C:/Users/krasn/Desktop/lab_2/labwork2-squirtleKKS/cmake-build-debug/tests
"Group/OperationTestsSuite.AddTest/(0x7ff6d74efa70 pointing to "-36910543626357909786996858927504055915546565889432391444809017960754559034869", 0x7ff6d74efa20 pointing to "-67532224128613087281662110248791958688454806792296727573054956633143475837222", 0x7ff6d74ef9d0 pointing to "-10..." start time: Oct 19 23:50 RTZ 2 (çèìà)
Output:
----------------------------------------------------------
Running main() from C:/Users/krasn/Desktop/lab_2/labwork2-squirtleKKS/cmake-build-debug/_deps/googletest-src/googletest/src/gtest_main.cc
Note: Google Test filter = Group/OperationTestsSuite.AddTest/10
[==========] Running 1 test from 1 test suite.
[----------] Global test environment set-up.
[----------] 1 test from Group/OperationTestsSuite
[ RUN      ] Group/OperationTestsSuite.AddTest/10
[       OK ] Group/OperationTestsSuite.AddTest/10 (4 ms)
[----------] 1 test from Group/OperationTestsSuite (4 ms total)

[----------] Global test environment tear-down
[==========] 1 test from 1 test suite ran. (4 ms total)
[  PASSED  ] 1 test.
<end of output>
Test time =   0.01 sec
----------------------------------------------------------
Test Passed.
"Group/OperationTestsSuite.AddTest/(0x7ff6d74efa70 pointing to "-36910543626357909786996858927504055915546565889432391444809017960754559034869", 0x7ff6d74efa20 pointing to "-67532224128613087281662110248791958688454806792296727573054956633143475837222", 0x7ff6d74ef9d0 pointing to "-10..." end time: Oct 19 23:50 RTZ 2 (çèìà)
"Group/OperationTestsSuite.AddTest/(0x7ff6d74efa70 pointing to "-36910543626357909786996858927504055915546565889432391444809017960754559034869", 0x7ff6d74efa20 pointing to "-67532224128613087281662110248791958688454806792296727573054956633143475837222", 0x7ff6d74ef9d0 pointing to "-10..." time elapsed: 00:00:00
----------------------------------------------------------

34/118 Testing: Group/OperationTestsSuite.AddTest/(0x7ff6d74ef890 pointing to "-88855163870341754842750315870614312116360574967963774070817708633119401939135", 0x7ff6d74ef840 pointing to "-81563986793718630029735428226007353499088224879562093056794053617199222693159", 0x7ff6d74ef7f0 pointing to "-17...
34/118 Test: Group/OperationTestsSuite.AddTest/(0x7ff6d74ef890 pointing to "-88855163870341754842750315870614312116360574967963774070817708633119401939135", 0x7ff6d74ef840 pointing to "-81563986793718630029735428226007353499088224879562093056794053617199222693159", 0x7ff6d74ef7f0 pointing to "-17...
Command: "C:/Users/krasn/Desktop/lab_2/labwork2-squirtleKKS/cmake-build-debug/tests/number_tests.exe" "--gtest_filter=Group/OperationTestsSuite.AddTest/11" "--gtest_also_run_disabled_tests"
Directory: C:/Users/krasn/Desktop/lab_2/labwork2-squirtleKKS/cmake-build-debug/tests
"Group/OperationTestsSuite.AddTest/(0x7ff6d74ef890 pointing to "-88855163870341754842750315870614312116360574967963774070817708633119401939135", 0x7ff6d74ef840 pointing to "-81563986793718630029735428226007353499088224879562093056794053617199222693159", 0x7ff6d74ef7f0 pointing to "-17..." start time: Oct 19 23:50 RTZ 2 (çèìà)
Output:
----------------------------------------------------------
Running main() from C:/Users/krasn/Desktop/lab_2/labwork2-squirtleKKS/cmake-build-debug/_deps/googletest-src/googletest/src/gtest_main.cc
Note: Google Test filter = Group/OperationTestsSuite.AddTest/11
[==========] Running 1 test from 1 test suite.
[----------] Global test environment set-up.
[----------] 1 test from Group/OperationTestsSuite
[ RUN      ] Group/OperationTestsSuite.AddTest/11
[       OK ] Group/OperationTestsSuite.AddTest/11 (4 ms)
[----------] 1 test from Group/OperationTestsSuite (4 ms total)

[----------] Global test environment tear-down
[==========] 1 test from 1 test suite ran. (4 ms total)
[  PASSED  ] 1 test.
<end of output>
Test time =   0.01 sec
----------------------------------------------------------
Test Passed.
"Group/OperationTestsSuite.AddTest/(0x7ff6d74ef890 pointing to "-88855163870341754842750315870614312116360574967963774070817708633119401939135", 0x7ff6d74ef840 pointing to "-81563986793718630029735428226007353499088224879562093056794053617199222693159", 0x7ff6d74ef7f0 pointing to "-17..." end time: Oct 19 23:50 RTZ 2 (çèìà)
"Group/OperationTestsSuite.AddTest/(0x7ff6d74ef890 pointing to "-88855163870341754842750315870614312116360574967963774070817708633119401939135", 0x7ff6d74ef840 pointing to "-81563986793718630029735428226007353499088224879562093056794053617199222693159", 0x7ff6d74ef7f0 pointing to "-17..." time elapsed: 00:00:00
----------------------------------------------------------

35/118 Testing: Group/OperationTestsSuite.AddTest/(0x7ff6d74ef6b0 pointing to "-68849238462076040579623317176146477521262781110665354478170488330043650923186", 0x7ff6d74ef660 pointing to "-71179774459146621954624263114204033447348272489955909646997340730319785986765", 0x7ff6d74ef610 pointing to "-14...
35/118 Test: Group/OperationTestsSuite.AddTest/(0x7ff6d74ef6b0 pointing to "-68849238462076040579623317176146477521262781110665354478170488330043650923186", 0x7ff6d74ef660 pointing to "-71179774459146621954624263114204033447348272489955909646997340730319785986765", 0x7ff6d74ef610 pointing to "-14...
Command: "C:/Users/krasn/Desktop/lab_2/labwork2-squirtleKKS/cmake-build-debug/tests/number_tests.exe" "--gtest_filter=Group/OperationTestsSuite.AddTest/12" "--gtest_also_run_disabled_tests"
Directory: C:/Users/krasn/Desktop/lab_2/labwork2-squirtleKKS/cmake-build-debug/tests
"Group/OperationTestsSuite.AddTest/(0x7ff6d74ef6b0 pointing to "-68849238462076040579623317176146477521262781110665354478170488330043650923186", 0x7ff6d74ef660 pointing to "-71179774459146621954624263114204033447348272489955909646997340730319785986765", 0x7ff6d74ef610 pointing to "-14..." start time: Oct 19 23:50 RTZ 2 (çèìà)
Output:
----------------------------------------------------------
Running main() from C:/Users/krasn/Desktop/lab_2/labwork2-squirtleKKS/cmake-build-debug/_deps/googletest-src/googletest/src/gtest_main.cc
Note: Google Test filter = Group/OperationTestsSuite.AddTest/12
[==========] Running 1 test from 1 test suite.
[----------] Global test environment set-up.
[----------] 1 test from Group/OperationTestsSuite
[ RUN      ] Group/OperationTestsSuite.AddTest/12
[       OK ] Group/OperationTestsSuite.AddTest/12 (3 ms)
[----------] 1 test from Group/OperationTestsSuite (4 ms total)

[----------] Global test environment tear-down
[==========] 1 test from 1 test suite ran. (4 ms total)
[  PASSED  ] 1 test.
<end of output>
Test time =   0.01 sec
----------------------------------------------------------
Test Passed.
"Group/OperationTestsSuite.AddTest/(0x7ff6d74ef6b0 pointing to "-68849238462076040579623317176146477521262781110665354478170488330043650923186", 0x7ff6d74ef660 pointing to "-71179774459146621954624263114204033447348272489955909646997340730319785986765", 0x7ff6d74ef610 pointing to "-14..." end time: Oct 19 23:50 RTZ 2 (çèìà)
"Group/OperationTestsSuite.AddTest/(0x7ff6d74ef6b0 pointing to "-68849238462076040579623317176146477521262781110665354478170488330043650923186", 0x7ff6d74ef660 pointing to "-71179774459146621954624263114204033447348272489955909646997340730319785986765", 0x7ff6d74ef610 pointing to "-14..." time elapsed: 00:00:00
----------------------------------------------------------

36/118 Testing: Group/OperationTestsSuite.AddTest/(0x7ff6d74ef4d0 pointing to "-82525551859180769338356537095667899997940203894520739123078359239582931071496", 0x7ff6d74ef480 pointing to "-70937068087195689802196086497885550869204550154344904328970246838414875130163", 0x7ff6d74ef430 pointing to "-15...
36/118 Test: Group/OperationTestsSuite.AddTest/(0x7ff6d74ef4d0 pointing to "-82525551859180769338356537095667899997940203894520739123078359239582931071496", 0x7ff6d74ef480 pointing to "-70937068087195689802196086497885550869204550154344904328970246838414875130163", 0x7ff6d74ef430 pointing to "-15...
Command: "C:/Users/krasn/Desktop/lab_2/labwork2-squirtleKKS/cmake-build-debug/tests/number_tests.exe" "--gtest_filter=Group/OperationTestsSuite.AddTest/13" "--gtest_also_run_disabled_tests"
Directory: C:/Users/krasn/Desktop/lab_2/labwork2-squirtleKKS/cmake-build-debug/tests
"Group/OperationTestsSuite.AddTest/(0x7ff6d74ef4d0 pointing to "-82525551859180769338356537095667899997940203894520739123078359239582931071496", 0x7ff6d74ef480 pointing to "-70937068087195689802196086497885550869204550154344904328970246838414875130163", 0x7ff6d74ef430 pointing to "-15..." start time: Oct 19 23:50 RTZ 2 (çèìà)
Output:
----------------------------------------------------------
Running main() from C:/Users/krasn/Desktop/lab_2/labwork2-squirtleKKS/cmake-build-debug/_deps/googletest-src/googletest/src/gtest_main.cc
Note: Google Test filter = Group/OperationTestsSuite.AddTest/13
[==========] Running 1 test from 1 test suite.
[----------] Global test environment set-up.
[----------] 1 test from Group/OperationTestsSuite
[ RUN      ] Group/OperationTestsSuite.AddTest/13
[       OK ] Group/OperationTestsSuite.AddTest/13 (3 ms)
[----------] 1 test from Group/OperationTestsSuite (3 ms total)

[----------] Global test environment tear-down
[==========] 1 test from 1 test suite ran. (4 ms total)
[  PASSED  ] 1 test.
<end of output>
Test time =   0.01 sec
----------------------------------------------------------
Test Passed.
"Group/OperationTestsSuite.AddTest/(0x7ff6d74ef4d0 pointing to "-82525551859180769338356537095667899997940203894520739123078359239582931071496", 0x7ff6d74ef480 pointing to "-70937068087195689802196086497885550869204550154344904328970246838414875130163", 0x7ff6d74ef430 pointing to "-15..." end time: Oct 19 23:50 RTZ 2 (çèìà)
"Group/OperationTestsSuite.AddTest/(0x7ff6d74ef4d0 pointing to "-82525551859180769338356537095667899997940203894520739123078359239582931071496", 0x7ff6d74ef480 pointing to "-70937068087195689802196086497885550869204550154344904328970246838414875130163", 0x7ff6d74ef430 pointing to "-15..." time elapsed: 00:00:00
----------------------------------------------------------

37/118 Testing: Group/OperationTestsSuite.AddTest/(0x7ff6d74ef2f0 pointing to "-77395514233945693851309379069318824882565188883653627192010699993199608317469", 0x7ff6d74ef2a0 pointing to "-78577375039869595983650414228663617994836280624125539477368993945122062666954", 0x7ff6d74ef250 pointing to "-15...
37/118 Test: Group/OperationTestsSuite.AddTest/(0x7ff6d74ef2f0 pointing to "-77395514233945693851309379069318824882565188883653627192010699993199608317469", 0x7ff6d74ef2a0 pointing to "-78577375039869595983650414228663617994836280624125539477368993945122062666954", 0x7ff6d74ef250 pointing to "-15...
Command: "C:/Users/krasn/Desktop/lab_2/labwork2-squirtleKKS/cmake-build-debug/tests/number_tests.exe" "--gtest_filter=Group/OperationTestsSuite.AddTest/14" "--gtest_also_run_disabled_tests"
Directory: C:/Users/krasn/Desktop/lab_2/labwork2-squirtleKKS/cmake-build-debug/tests
"Group/OperationTestsSuite.AddTest/(0x7ff6d74ef2f0 pointing to "-77395514233945693851309379069318824882565188883653627192010699993199608317469", 0x7ff6d74ef2a0 pointing to "-78577375039869595983650414228663617994836280624125539477368993945122062666954", 0x7ff6d74ef250 pointing to "-15..." start time: Oct 19 23:50 RTZ 2 (çèìà)
Output:
----------------------------------------------------------
Running main() from C:/Users/krasn/Desktop/lab_2/labwork2-squirtleKKS/cmake-build-debug/_deps/googletest-src/googletest/src/gtest_main.cc
Note: Google Test filter = Group/OperationTestsSuite.AddTest/14
[==========] Running 1 test from 1 test suite.
[----------] Global test environment set-up.
[----------] 1 test from Group/OperationTestsSuite
[ RUN      ] Group/OperationTestsSuite.AddTest/14
[       OK ] Group/OperationTestsSuite.AddTest/14 (3 ms)
[----------] 1 test from Group/OperationTestsSuite (3 ms total)

[----------] Global test environment tear-down
[==========] 1 test from 1 test suite ran. (3 ms total)
[  PASSED  ] 1 test.
<end of output>
Test time =   0.01 sec
----------------------------------------------------------
Test Passed.
"Group/OperationTestsSuite.AddTest/(0x7ff6d74ef2f0 pointing to "-77395514233945693851309379069318824882565188883653627192010699993199608317469", 0x7ff6d74ef2a0 pointing to "-78577375039869595983650414228663617994836280624125539477368993945122062666954", 0x7ff6d74ef250 pointing to "-15..." end time: Oct 19 23:50 RTZ 2 (çèìà)
"Group/OperationTestsSuite.AddTest/(0x7ff6d74ef2f0 pointing to "-77395514233945693851309379069318824882565188883653627192010699993199608317469", 0x7ff6d74ef2a0 pointing to "-78577375039869595983650414228663617994836280624125539477368993945122062666954", 0x7ff6d74ef250 pointing to "-15..." time elapsed: 00:00:00
----------------------------------------------------------

38/118 Testing: Group/OperationTestsSuite.AddTest/(0x7ff6d74ef110 pointing to "-67986512732075487315221040743176172402098301981074288624134434874570594916189", 0x7ff6d74ef0c0 pointing to "-90492950813443436905120056393867146147609547163158939908057387970819739059922", 0x7ff6d74ef070 pointing to "-15...
38/118 Test: Group/OperationTestsSuite.AddTest/(0x7ff6d74ef110 pointing to "-67986512732075487315221040743176172402098301981074288624134434874570594916189", 0x7ff6d74ef0c0 pointing to "-90492950813443436905120056393867146147609547163158939908057387970819739059922", 0x7ff6d74ef070 pointing to "-15...
Command: "C:/Users/krasn/Desktop/lab_2/labwork2-squirtleKKS/cmake-build-debug/tests/number_tests.exe" "--gtest_filter=Group/OperationTestsSuite.AddTest/15" "--gtest_also_run_disabled_tests"
Directory: C:/Users/krasn/Desktop/lab_2/labwork2-squirtleKKS/cmake-build-debug/tests
"Group/OperationTestsSuite.AddTest/(0x7ff6d74ef110 pointing to "-67986512732075487315221040743176172402098301981074288624134434874570594916189", 0x7ff6d74ef0c0 pointing to "-90492950813443436905120056393867146147609547163158939908057387970819739059922", 0x7ff6d74ef070 pointing to "-15..." start time: Oct 19 23:50 RTZ 2 (çèìà)
Output:
----------------------------------------------------------
Running main() from C:/Users/krasn/Desktop/lab_2/labwork2-squirtleKKS/cmake-build-debug/_deps/googletest-src/googletest/src/gtest_main.cc
Note: Google Test filter = Group/OperationTestsSuite.AddTest/15
[==========] Running 1 test from 1 test suite.
[----------] Global test environment set-up.
[----------] 1 test from Group/OperationTestsSuite
[ RUN      ] Group/OperationTestsSuite.AddTest/15
[       OK ] Group/OperationTestsSuite.AddTest/15 (3 ms)
[----------] 1 test from Group/OperationTestsSuite (3 ms total)

[...]
10 181 141 183 56 62 180 61 240 93 210 18 183 254 239 168 151 55 104 50 213 38 18 66 	10 181 141 183 56 62 180 61 240 93 210 18 183 254 239 196 88 232 109 70 166 172 29 155 	10 181 141 183 56 62 180 61 240 93 210 18 183 254 239 224 26 153 114 90 120 50 40 245 
10 181 141 183 56 62 180 61 240 93 210 18 183 254 239 196 88 232 109 70 166 172 29 156 	10 181 141 183 56 62 180 61 240 93 210 18 183 254 239 210 57 192 239 208 143 111 35 72 	10 181 141 183 56 62 180 61 240 93 210 18 183 254 239 224 26 153 114 90 120 50 40 245 
10 181 141 183 56 62 180 61 240 93 210 18 183 254 239 196 88 232 109 70 166 172 29 156 	10 181 141 183 56 62 180 61 240 93 210 18 183 254 239 203 73 84 174 139 155 13 160 113 	10 181 141 183 56 62 180 61 240 93 210 18 183 254 239 210 57 192 239 208 143 111 35 71 
10 181 141 183 56 62 180 61 240 93 210 18 183 254 239 203 73 84 174 139 155 13 160 114 	10 181 141 183 56 62 180 61 240 93 210 18 183 254 239 206 193 138 207 46 21 62 97 220 	10 181 141 183 56 62 180 61 240 93 210 18 183 254 239 210 57 192 239 208 143 111 35 71 
10 181 141 183 56 62 180 61 240 93 210 18 183 254 239 203 73 84 174 139 155 13 160 114 	10 181 141 183 56 62 180 61 240 93 210 18 183 254 239 205 5 111 190 220 216 38 1 38 	10 181 141 183 56 62 180 61 240 93 210 18 183 254 239 206 193 138 207 46 21 62 97 219 
10 181 141 183 56 62 180 61 240 93 210 18 183 254 239 205 5 111 190 220 216 38 1 39 	10 181 141 183 56 62 180 61 240 93 210 18 183 254 239 205 227 125 71 5 118 178 49 129 	10 181 141 183 56 62 180 61 240 93 210 18 183 254 239 206 193 138 207 46 21 62 97 219 
10 181 141 183 56 62 180 61 240 93 210 18 183 254 239 205 227 125 71 5 118 178 49 130 	10 181 141 183 56 62 180 61 240 93 210 18 183 254 239 206 82 132 11 25 197 248 73 174 	10 181 141 183 56 62 180 61 240 93 210 18 183 254 239 206 193 138 207 46 21 62 97 219 
10 181 141 183 56 62 180 61 240 93 210 18 183 254 239 205 227 125 71 5 118 178 49 130 	10 181 141 183 56 62 180 61 240 93 210 18 183 254 239 206 27 0 169 15 158 85 61 151 	10 181 141 183 56 62 180 61 240 93 210 18 183 254 239 206 82 132 11 25 197 248 73 173 
10 181 141 183 56 62 180 61 240 93 210 18 183 254 239 205 227 125 71 5 118 178 49 130 	10 181 141 183 56 62 180 61 240 93 210 18 183 254 239 205 255 62 248 10 138 131 183 140 	10 181 141 183 56 62 180 61 240 93 210 18 183 254 239 206 27 0 169 15 158 85 61 150 
10 181 141 183 56 62 180 61 240 93 210 18 183 254 239 205 227 125 71 5 118 178 49 130 	10 181 141 183 56 62 180 61 240 93 210 18 183 254 239 205 241 94 31 136 0 154 244 134 	10 181 141 183 56 62 180 61 240 93 210 18 183 254 239 205 255 62 248 10 138 131 183 139 
10 181 141 183 56 62 180 61 240 93 210 18 183 254 239 205 227 125 71 5 118 178 49 130 	10 181 141 183 56 62 180 61 240 93 210 18 183 254 239 205 234 109 179 70 187 166 147 3 	10 181 141 183 56 62 180 61 240 93 210 18 183 254 239 205 241 94 31 136 0 154 244 133 
10 181 141 183 56 62 180 61 240 93 210 18 183 254 239 205 234 109 179 70 187 166 147 4 	10 181 141 183 56 62 180 61 240 93 210 18 183 254 239 205 237 229 233 103 94 32 195 196 	10 181 141 183 56 62 180 61 240 93 210 18 183 254 239 205 241 94 31 136 0 154 244 133 
10 181 141 183 56 62 180 61 240 93 210 18 183 254 239 205 237 229 233 103 94 32 195 197 	10 181 141 183 56 62 180 61 240 93 210 18 183 254 239 205 239 162 4 119 175 93 220 37 	10 181 141 183 56 62 180 61 240 93 210 18 183 254 239 205 241 94 31 136 0 154 244 133 
10 181 141 183 56 62 180 61 240 93 210 18 183 254 239 205 237 229 233 103 94 32 195 197 	10 181 141 183 56 62 180 61 240 93 210 18 183 254 239 205 238 195 246 239 134 191 79 244 	10 181 141 183 56 62 180 61 240 93 210 18 183 254 239 205 239 162 4 119 175 93 220 36 
10 181 141 183 56 62 180 61 240 93 210 18 183 254 239 205 237 229 233 103 94 32 195 197 	10 181 141 183 56 62 180 61 240 93 210 18 183 254 239 205 238 84 240 43 114 112 9 220 	10 181 141 183 56 62 180 61 240 93 210 18 183 254 239 205 238 195 246 239 134 191 79 243 
10 181 141 183 56 62 180 61 240 93 210 18 183 254 239 205 238 84 240 43 114 112 9 221 	10 181 141 183 56 62 180 61 240 93 210 18 183 254 239 205 238 140 115 141 124 151 172 232 	10 181 141 183 56 62 180 61 240 93 210 18 183 254 239 205 238 195 246 239 134 191 79 243 
10 181 141 183 56 62 180 61 240 93 210 18 183 254 239 205 238 84 240 43 114 112 9 221 	10 181 141 183 56 62 180 61 240 93 210 18 183 254 239 205 238 112 177 220 119 131 219 98 	10 181 141 183 56 62 180 61 240 93 210 18 183 254 239 205 238 140 115 141 124 151 172 231 
10 181 141 183 56 62 180 61 240 93 210 18 183 254 239 205 238 112 177 220 119 131 219 99 	10 181 141 183 56 62 180 61 240 93 210 18 183 254 239 205 238 126 146 180 250 13 196 37 	10 181 141 183 56 62 180 61 240 93 210 18 183 254 239 205 238 140 115 141 124 151 172 231 
10 181 141 183 56 62 180 61 240 93 210 18 183 254 239 205 238 112 177 220 119 131 219 99 	10 181 141 183 56 62 180 61 240 93 210 18 183 254 239 205 238 119 162 72 184 200 207 195 	10 181 141 183 56 62 180 61 240 93 210 18 183 254 239 205 238 126 146 180 250 13 196 36 
10 181 141 183 56 62 180 61 240 93 210 18 183 254 239 205 238 112 177 220 119 131 219 99 	10 181 141 183 56 62 180 61 240 93 210 18 183 254 239 205 238 116 42 18 152 38 85 146 	10 181 141 183 56 62 180 61 240 93 210 18 183 254 239 205 238 119 162 72 184 200 207 194 
10 181 141 183 56 62 180 61 240 93 210 18 183 254 239 205 238 112 177 220 119 131 219 99 	10 181 141 183 56 62 180 61 240 93 210 18 183 254 239 205 238 114 109 247 135 213 24 122 	10 181 141 183 56 62 180 61 240 93 210 18 183 254 239 205 238 116 42 18 152 38 85 145 
10 181 141 183 56 62 180 61 240 93 210 18 183 254 239 205 238 114 109 247 135 213 24 123 	10 181 141 183 56 62 180 61 240 93 210 18 183 254 239 205 238 115 76 5 15 253 183 6 	10 181 141 183 56 62 180 61 240 93 210 18 183 254 239 205 238 116 42 18 152 38 85 145 
10 181 141 183 56 62 180 61 240 93 210 18 183 254 239 205 238 114 109 247 135 213 24 123 	10 181 141 183 56 62 180 61 240 93 210 18 183 254 239 205 238 114 220 254 75 233 103 192 	10 181 141 183 56 62 180 61 240 93 210 18 183 254 239 205 238 115 76 5 15 253 183 5 
10 181 141 183 56 62 180 61 240 93 210 18 183 254 239 205 238 114 109 247 135 213 24 123 	10 181 141 183 56 62 180 61 240 93 210 18 183 254 239 205 238 114 165 122 233 223 64 29 	10 181 141 183 56 62 180 61 240 93 210 18 183 254 239 205 238 114 220 254 75 233 103 191 
10 181 141 183 56 62 180 61 240 93 210 18 183 254 239 205 238 114 165 122 233 223 64 30 	10 181 141 183 56 62 180 61 240 93 210 18 183 254 239 205 238 114 193 60 154 228 83 238 	10 181 141 183 56 62 180 61 240 93 210 18 183 254 239 205 238 114 220 254 75 233 103 191 
10 181 141 183 56 62 180 61 240 93 210 18 183 254 239 205 238 114 165 122 233 223 64 30 	10 181 141 183 56 62 180 61 240 93 210 18 183 254 239 205 238 114 179 91 194 97 202 5 	10 181 141 183 56 62 180 61 240 93 210 18 183 254 239 205 238 114 193 60 154 228 83 237 
10 181 141 183 56 62 180 61 240 93 210 18 183 254 239 205 238 114 165 122 233 223 64 30 	10 181 141 183 56 62 180 61 240 93 210 18 183 254 239 205 238 114 172 107 86 32 133 17 	10 181 141 183 56 62 180 61 240 93 210 18 183 254 239 205 238 114 179 91 194 97 202 4 
10 181 141 183 56 62 180 61 240 93 210 18 183 254 239 205 238 114 172 107 86 32 133 18 	10 181 141 183 56 62 180 61 240 93 210 18 183 254 239 205 238 114 175 227 140 65 39 139 	10 181 141 183 56 62 180 61 240 93 210 18 183 254 239 205 238 114 179 91 194 97 202 4 
10 181 141 183 56 62 180 61 240 93 210 18 183 254 239 205 238 114 175 227 140 65 39 140 	10 181 141 183 56 62 180 61 240 93 210 18 183 254 239 205 238 114 177 159 167 81 120 200 	10 181 141 183 56 62 180 61 240 93 210 18 183 254 239 205 238 114 179 91 194 97 202 4 
10 181 141 183 56 62 180 61 240 93 210 18 183 254 239 205 238 114 177 159 167 81 120 201 	10 181 141 183 56 62 180 61 240 93 210 18 183 254 239 205 238 114 178 125 180 217 161 102 	10 181 141 183 56 62 180 61 240 93 210 18 183 254 239 205 238 114 179 91 194 97 202 4 
10 181 141 183 56 62 180 61 240 93 210 18 183 254 239 205 238 114 178 125 180 217 161 103 	10 181 141 183 56 62 180 61 240 93 210 18 183 254 239 205 238 114 178 236 187 157 181 181 	10 181 141 183 56 62 180 61 240 93 210 18 183 254 239 205 238 114 179 91 194 97 202 4 
10 181 141 183 56 62 180 61 240 93 210 18 183 254 239 205 238 114 178 125 180 217 161 103 	10 181 141 183 56 62 180 61 240 93 210 18 183 254 239 205 238 114 178 181 56 59 171 141 	10 181 141 183 56 62 180 61 240 93 210 18 183 254 239 205 238 114 178 236 187 157 181 180 
10 181 141 183 56 62 180 61 240 93 210 18 183 254 239 205 238 114 178 181 56 59 171 142 	10 181 141 183 56 62 180 61 240 93 210 18 183 254 239 205 238 114 178 208 249 236 176 161 	10 181 141 183 56 62 180 61 240 93 210 18 183 254 239 205 238 114 178 236 187 157 181 180 
10 181 141 183 56 62 180 61 240 93 210 18 183 254 239 205 238 114 178 181 56 59 171 142 	10 181 141 183 56 62 180 61 240 93 210 18 183 254 239 205 238 114 178 195 25 20 46 23 	10 181 141 183 56 62 180 61 240 93 210 18 183 254 239 205 238 114 178 208 249 236 176 160 
10 181 141 183 56 62 180 61 240 93 210 18 183 254 239 205 238 114 178 195 25 20 46 24 	10 181 141 183 56 62 180 61 240 93 210 18 183 254 239 205 238 114 178 202 9 128 111 92 	10 181 141 183 56 62 180 61 240 93 210 18 183 254 239 205 238 114 178 208 249 236 176 160 
10 181 141 183 56 62 180 61 240 93 210 18 183 254 239 205 238 114 178 195 25 20 46 24 	10 181 141 183 56 62 180 61 240 93 210 18 183 254 239 205 238 114 178 198 145 74 78 185 	10 181 141 183 56 62 180 61 240 93 210 18 183 254 239 205 238 114 178 202 9 128 111 91 
10 181 141 183 56 62 180 61 240 93 210 18 183 254 239 205 238 114 178 198 145 74 78 186 	10 181 141 183 56 62 180 61 240 93 210 18 183 254 239 205 238 114 178 200 77 101 95 10 	10 181 141 183 56 62 180 61 240 93 210 18 183 254 239 205 238 114 178 202 9 128 111 91 
10 181 141 183 56 62 180 61 240 93 210 18 183 254 239 205 238 114 178 200 77 101 95 11 	10 181 141 183 56 62 180 61 240 93 210 18 183 254 239 205 238 114 178 201 43 114 231 51 	10 181 141 183 56 62 180 61 240 93 210 18 183 254 239 205 238 114 178 202 9 128 111 91 
10 181 141 183 56 62 180 61 240 93 210 18 183 254 239 205 238 114 178 200 77 101 95 11 	10 181 141 183 56 62 180 61 240 93 210 18 183 254 239 205 238 114 178 200 188 108 35 30 	10 181 141 183 56 62 180 61 240 93 210 18 183 254 239 205 238 114 178 201 43 114 231 50 
10 181 141 183 56 62 180 61 240 93 210 18 183 254 239 205 238 114 178 200 188 108 35 31 	10 181 141 183 56 62 180 61 240 93 210 18 183 254 239 205 238 114 178 200 243 239 133 40 	10 181 141 183 56 62 180 61 240 93 210 18 183 254 239 205 238 114 178 201 43 114 231 50 
10 181 141 183 56 62 180 61 240 93 210 18 183 254 239 205 238 114 178 200 188 108 35 31 	10 181 141 183 56 62 180 61 240 93 210 18 183 254 239 205 238 114 178 200 216 45 212 35 	10 181 141 183 56 62 180 61 240 93 210 18 183 254 239 205 238 114 178 200 243 239 133 39 
10 181 141 183 56 62 180 61 240 93 210 18 183 254 239 205 238 114 178 200 216 45 212 36 	10 181 141 183 56 62 180 61 240 93 210 18 183 254 239 205 238 114 178 200 230 14 172 165 	10 181 141 183 56 62 180 61 240 93 210 18 183 254 239 205 238 114 178 200 243 239 133 39 
10 181 141 183 56 62 180 61 240 93 210 18 183 254 239 205 238 114 178 200 216 45 212 36 	10 181 141 183 56 62 180 61 240 93 210 18 183 254 239 205 238 114 178 200 223 30 64 100 	10 181 141 183 56 62 180 61 240 93 210 18 183 254 239 205 238 114 178 200 230 14 172 164 
10 181 141 183 56 62 180 61 240 93 210 18 183 254 239 205 238 114 178 200 223 30 64 101 	10 181 141 183 56 62 180 61 240 93 210 18 183 254 239 205 238 114 178 200 226 150 118 132 	10 181 141 183 56 62 180 61 240 93 210 18 183 254 239 205 238 114 178 200 230 14 172 164 
10 181 141 183 56 62 180 61 240 93 210 18 183 254 239 205 238 114 178 200 223 30 64 101 	10 181 141 183 56 62 180 61 240 93 210 18 183 254 239 205 238 114 178 200 224 218 91 116 	10 181 141 183 56 62 180 61 240 93 210 18 183 254 239 205 238 114 178 200 226 150 118 131 
10 181 141 183 56 62 180 61 240 93 210 18 183 254 239 205 238 114 178 200 224 218 91 117 	10 181 141 183 56 62 180 61 240 93 210 18 183 254 239 205 238 114 178 200 225 184 104 252 	10 181 141 183 56 62 180 61 240 93 210 18 183 254 239 205 238 114 178 200 226 150 118 131 
10 181 141 183 56 62 180 61 240 93 210 18 183 254 239 205 238 114 178 200 225 184 104 253 	10 181 141 183 56 62 180 61 240 93 210 18 183 254 239 205 238 114 178 200 226 39 111 192 	10 181 141 183 56 62 180 61 240 93 210 18 183 254 239 205 238 114 178 200 226 150 118 131 
10 181 141 183 56 62 180 61 240 93 210 18 183 254 239 205 238 114 178 200 225 184 104 253 	10 181 141 183 56 62 180 61 240 93 210 18 183 254 239 205 238 114 178 200 225 239 236 94 	10 181 141 183 56 62 180 61 240 93 210 18 183 254 239 205 238 114 178 200 226 39 111 191 
10 181 141 183 56 62 180 61 240 93 210 18 183 254 239 205 238 114 178 200 225 184 104 253 	10 181 141 183 56 62 180 61 240 93 210 18 183 254 239 205 238 114 178 200 225 212 42 173 	10 181 141 183 56 62 180 61 240 93 210 18 183 254 239 205 238 114 178 200 225 239 236 93 
10 181 141 183 56 62 180 61 240 93 210 18 183 254 239 205 238 114 178 200 225 212 42 174 	10 181 141 183 56 62 180 61 240 93 210 18 183 254 239 205 238 114 178 200 225 226 11 133 	10 181 141 183 56 62 180 61 240 93 210 18 183 254 239 205 238 114 178 200 225 239 236 93 
10 181 141 183 56 62 180 61 240 93 210 18 183 254 239 205 238 114 178 200 225 226 11 134 	10 181 141 183 56 62 180 61 240 93 210 18 183 254 239 205 238 114 178 200 225 232 251 241 	10 181 141 183 56 62 180 61 240 93 210 18 183 254 239 205 238 114 178 200 225 239 236 93 
10 181 141 183 56 62 180 61 240 93 210 18 183 254 239 205 238 114 178 200 225 226 11 134 	10 181 141 183 56 62 180 61 240 93 210 18 183 254 239 205 238 114 178 200 225 229 131 187 	10 181 141 183 56 62 180 61 240 93 210 18 183 254 239 205 238 114 178 200 225 232 251 240 
10 181 141 183 56 62 180 61 240 93 210 18 183 254 239 205 238 114 178 200 225 226 11 134 	10 181 141 183 56 62 180 61 240 93 210 18 183 254 239 205 238 114 178 200 225 227 199 160 	10 181 141 183 56 62 180 61 240 93 210 18 183 254 239 205 238 114 178 200 225 229 131 186 
10 181 141 183 56 62 180 61 240 93 210 18 183 254 239 205 238 114 178 200 225 227 199 161 	10 181 141 183 56 62 180 61 240 93 210 18 183 254 239 205 238 114 178 200 225 228 165 173 	10 181 141 183 56 62 180 61 240 93 210 18 183 254 239 205 238 114 178 200 225 229 131 186 
10 181 141 183 56 62 180 61 240 93 210 18 183 254 239 205 238 114 178 200 225 228 165 174 	10 181 141 183 56 62 180 61 240 93 210 18 183 254 239 205 238 114 178 200 225 229 20 180 	10 181 141 183 56 62 180 61 240 93 210 18 183 254 239 205 238 114 178 200 225 229 131 186 
10 181 141 183 56 62 180 61 240 93 210 18 183 254 239 205 238 114 178 200 225 228 165 174 	10 181 141 183 56 62 180 61 240 93 210 18 183 254 239 205 238 114 178 200 225 228 221 48 	10 181 141 183 56 62 180 61 240 93 210 18 183 254 239 205 238 114 178 200 225 229 20 179 
10 181 141 183 56 62 180 61 240 93 210 18 183 254 239 205 238 114 178 200 225 228 165 174 	10 181 141 183 56 62 180 61 240 93 210 18 183 254 239 205 238 114 178 200 225 228 193 110 	10 181 141 183 56 62 180 61 240 93 210 18 183 254 239 205 238 114 178 200 225 228 221 47 
10 181 141 183 56 62 180 61 240 93 210 18 183 254 239 205 238 114 178 200 225 228 165 174 	10 181 141 183 56 62 180 61 240 93 210 18 183 254 239 205 238 114 178 200 225 228 179 141 	10 181 141 183 56 62 180 61 240 93 210 18 183 254 239 205 238 114 178 200 225 228 193 109 
10 181 141 183 56 62 180 61 240 93 210 18 183 254 239 205 238 114 178 200 225 228 179 142 	10 181 141 183 56 62 180 61 240 93 210 18 183 254 239 205 238 114 178 200 225 228 186 125 	10 181 141 183 56 62 180 61 240 93 210 18 183 254 239 205 238 114 178 200 225 228 193 109 
10 181 141 183 56 62 180 61 240 93 210 18 183 254 239 205 238 114 178 200 225 228 186 126 	10 181 141 183 56 62 180 61 240 93 210 18 183 254 239 205 238 114 178 200 225 228 189 245 	10 181 141 183 56 62 180 61 240 93 210 18 183 254 239 205 238 114 178 200 225 228 193 109 
10 181 141 183 56 62 180 61 240 93 210 18 183 254 239 205 238 114 178 200 225 228 186 126 	10 181 141 183 56 62 180 61 240 93 210 18 183 254 239 205 238 114 178 200 225 228 188 57 	10 181 141 183 56 62 180 61 240 93 210 18 183 254 239 205 238 114 178 200 225 228 189 244 
10 181 141 183 56 62 180 61 240 93 210 18 183 254 239 205 238 114 178 200 225 228 186 126 	10 181 141 183 56 62 180 61 240 93 210 18 183 254 239 205 238 114 178 200 225 228 187 91 	10 181 141 183 56 62 180 61 240 93 210 18 183 254 239 205 238 114 178 200 225 228 188 56 
10 181 141 183 56 62 180 61 240 93 210 18 183 254 239 205 238 114 178 200 225 228 187 92 	10 181 141 183 56 62 180 61 240 93 210 18 183 254 239 205 238 114 178 200 225 228 187 202 	10 181 141 183 56 62 180 61 240 93 210 18 183 254 239 205 238 114 178 200 225 228 188 56 
10 181 141 183 56 62 180 61 240 93 210 18 183 254 239 205 238 114 178 200 225 228 187 92 	10 181 141 183 56 62 180 61 240 93 210 18 183 254 239 205 238 114 178 200 225 228 187 146 	10 181 141 183 56 62 180 61 240 93 210 18 183 254 239 205 238 114 178 200 225 228 187 201 
10 181 141 183 56 62 180 61 240 93 210 18 183 254 239 205 238 114 178 200 225 228 187 92 	10 181 141 183 56 62 180 61 240 93 210 18 183 254 239 205 238 114 178 200 225 228 187 118 	10 181 141 183 56 62 180 61 240 93 210 18 183 254 239 205 238 114 178 200 225 228 187 145 
10 181 141 183 56 62 180 61 240 93 210 18 183 254 239 205 238 114 178 200 225 228 187 92 	10 181 141 183 56 62 180 61 240 93 210 18 183 254 239 205 238 114 178 200 225 228 187 104 	10 181 141 183 56 62 180 61 240 93 210 18 183 254 239 205 238 114 178 200 225 228 187 117 
10 181 141 183 56 62 180 61 240 93 210 18 183 254 239 205 238 114 178 200 225 228 187 92 	10 181 141 183 56 62 180 61 240 93 210 18 183 254 239 205 238 114 178 200 225 228 187 97 	10 181 141 183 56 62 180 61 240 93 210 18 183 254 239 205 238 114 178 200 225 228 187 103 
10 181 141 183 56 62 180 61 240 93 210 18 183 254 239 205 238 114 178 200 225 228 187 98 	10 181 141 183 56 62 180 61 240 93 210 18 183 254 239 205 238 114 178 200 225 228 187 100 	10 181 141 183 56 62 180 61 240 93 210 18 183 254 239 205 238 114 178 200 225 228 187 103 
10 181 141 183 56 62 180 61 240 93 210 18 183 254 239 205 238 114 178 200 225 228 187 98 	10 181 141 183 56 62 180 61 240 93 210 18 183 254 239 205 238 114 178 200 225 228 187 98 	10 181 141 183 56 62 180 61 240 93 210 18 183 254 239 205 238 114 178 200 225 228 187 99 
10 181 141 183 56 62 180 61 240 93 210 18 183 254 239 205 238 114 178 200 225 228 187 99 	10 181 141 183 56 62 180 61 240 93 210 18 183 254 239 205 238 114 178 200 225 228 187 99 	10 181 141 183 56 62 180 61 240 93 210 18 183 254 239 205 238 114 178 200 225 228 187 99 
[       OK ] Group/OperationTestsSuite.DivTest/23 (141 ms)
[----------] 1 test from Group/OperationTestsSuite (141 ms total)

[----------] Global test environment tear-down
[==========] 1 test from 1 test suite ran. (141 ms total)
[  PASSED  ] 1 test.
<end of output>
Test time =   0.15 sec
----------------------------------------------------------
Test Passed.
"Group/OperationTestsSuite.DivTest/(0x7ff6d74ee248 pointing to "-100437361129925299864163022994577223572753204070713888111204937089006626491254", 0x7ff6d74ee230 pointing to "382489325376807706010", 0x7ff6d74ee1e0 pointing to "-1004373611299252998641630229945772235727532040707138881108..." end time: Oct 19 23:50 RTZ 2 (çèìà)
"Group/OperationTestsSuite.DivTest/(0x7ff6d74ee248 pointing to "-100437361129925299864163022994577223572753204070713888111204937089006626491254", 0x7ff6d74ee230 pointing to "382489325376807706010", 0x7ff6d74ee1e0 pointing to "-1004373611299252998641630229945772235727532040707138881108..." time elapsed: 00:00:00
----------------------------------------------------------

End testing: Oct 19 23:50 RTZ 2 (çèìà)
